  [1m[35m (6.2ms)[0m  [1m[34mSELECT sqlite_version(*)[0m
  [1m[35m (114.3ms)[0m  [1m[35mCREATE TABLE "schema_migrations" ("version" varchar NOT NULL PRIMARY KEY)[0m
  [1m[35m (111.7ms)[0m  [1m[35mCREATE TABLE "ar_internal_metadata" ("key" varchar NOT NULL PRIMARY KEY, "value" varchar, "created_at" datetime(6) NOT NULL, "updated_at" datetime(6) NOT NULL)[0m
  [1m[35m (0.2ms)[0m  [1m[34mSELECT "schema_migrations"."version" FROM "schema_migrations" ORDER BY "schema_migrations"."version" ASC[0m
Migrating to CreateTweeets (20201223092444)
  [1m[35m (0.1ms)[0m  [1m[36mbegin transaction[0m
  [1m[35m (0.5ms)[0m  [1m[35mCREATE TABLE "tweeets" ("id" integer PRIMARY KEY AUTOINCREMENT NOT NULL, "Tweeet" text, "created_at" datetime(6) NOT NULL, "updated_at" datetime(6) NOT NULL)[0m
  [1m[36mprimary::SchemaMigration Create (0.3ms)[0m  [1m[32mINSERT INTO "schema_migrations" ("version") VALUES (?)[0m  [["version", "20201223092444"]]
  [1m[35m (135.8ms)[0m  [1m[36mcommit transaction[0m
  [1m[36mActiveRecord::InternalMetadata Load (0.3ms)[0m  [1m[34mSELECT "ar_internal_metadata".* FROM "ar_internal_metadata" WHERE "ar_internal_metadata"."key" = ? LIMIT ?[0m  [["key", "environment"], ["LIMIT", 1]]
  [1m[35m (0.1ms)[0m  [1m[36mbegin transaction[0m
  [1m[36mActiveRecord::InternalMetadata Create (0.4ms)[0m  [1m[32mINSERT INTO "ar_internal_metadata" ("key", "value", "created_at", "updated_at") VALUES (?, ?, ?, ?)[0m  [["key", "environment"], ["value", "development"], ["created_at", "2020-12-23 09:27:54.845098"], ["updated_at", "2020-12-23 09:27:54.845098"]]
  [1m[35m (146.8ms)[0m  [1m[36mcommit transaction[0m
  [1m[35m (0.2ms)[0m  [1m[34mSELECT sqlite_version(*)[0m
  [1m[35m (0.2ms)[0m  [1m[34mSELECT "schema_migrations"."version" FROM "schema_migrations" ORDER BY "schema_migrations"."version" ASC[0m
Started GET "/" for 127.0.0.1 at 2020-12-23 10:29:28 +0100
  [1m[35m (0.5ms)[0m  [1m[34mSELECT sqlite_version(*)[0m
  [1m[35m (0.2ms)[0m  [1m[34mSELECT "schema_migrations"."version" FROM "schema_migrations" ORDER BY "schema_migrations"."version" ASC[0m
Processing by Rails::WelcomeController#index as HTML
  Rendering /home/benjamin/gems/gems/railties-6.0.3.4/lib/rails/templates/rails/welcome/index.html.erb
  Rendered /home/benjamin/gems/gems/railties-6.0.3.4/lib/rails/templates/rails/welcome/index.html.erb (Duration: 33.3ms | Allocations: 407)
Completed 200 OK in 87ms (Views: 53.1ms | ActiveRecord: 0.0ms | Allocations: 2341)


Started GET "/" for 127.0.0.1 at 2020-12-23 10:31:19 +0100
  [1m[35m (2.2ms)[0m  [1m[34mSELECT sqlite_version(*)[0m
  [1m[35m (0.2ms)[0m  [1m[34mSELECT "schema_migrations"."version" FROM "schema_migrations" ORDER BY "schema_migrations"."version" ASC[0m
Processing by TweeetsController#index as HTML
  Rendering tweeets/index.html.erb within layouts/application
  [1m[36mTweeet Load (0.6ms)[0m  [1m[34mSELECT "tweeets".* FROM "tweeets"[0m
  ↳ app/views/tweeets/index.html.erb:14
  Rendered tweeets/index.html.erb within layouts/application (Duration: 6.3ms | Allocations: 1390)
[Webpacker] Compiling...
[Webpacker] Compiled all packs in /home/benjamin/Twitter/public/packs
[Webpacker] Hash: 76145d9ce4575ebaa29b
Version: webpack 4.44.2
Time: 2282ms
Built at: 12/23/2020 10:31:24 AM
                                     Asset       Size       Chunks                         Chunk Names
    js/application-c229f7c7014cf8c8d494.js    124 KiB  application  [emitted] [immutable]  application
js/application-c229f7c7014cf8c8d494.js.map    139 KiB  application  [emitted] [dev]        application
                             manifest.json  364 bytes               [emitted]              
Entrypoint application = js/application-c229f7c7014cf8c8d494.js js/application-c229f7c7014cf8c8d494.js.map
[./app/javascript/channels sync recursive _channel\.js$] ./app/javascript/channels sync _channel\.js$ 160 bytes {application} [built]
[./app/javascript/channels/index.js] 211 bytes {application} [built]
[./app/javascript/packs/application.js] 749 bytes {application} [built]
[./node_modules/webpack/buildin/module.js] (webpack)/buildin/module.js 552 bytes {application} [built]
    + 3 hidden modules

Completed 200 OK in 5016ms (Views: 5007.8ms | ActiveRecord: 1.1ms | Allocations: 22671)


Started GET "/tweeets/new" for 127.0.0.1 at 2020-12-23 10:31:26 +0100
Processing by TweeetsController#new as HTML
  Rendering tweeets/new.html.erb within layouts/application
  Rendered tweeets/_form.html.erb (Duration: 193.3ms | Allocations: 3915)
  Rendered tweeets/new.html.erb within layouts/application (Duration: 194.8ms | Allocations: 4250)
[Webpacker] Everything's up-to-date. Nothing to do
Completed 200 OK in 211ms (Views: 200.8ms | ActiveRecord: 0.4ms | Allocations: 9928)


Started POST "/tweeets" for 127.0.0.1 at 2020-12-23 10:31:30 +0100
Processing by TweeetsController#create as HTML
  Parameters: {"authenticity_token"=>"cxMDXPwmLdlAwej9Wlj99fMU6NvjSqC3ZKZFzDLXMREIqjVb3agi+IBl842u1h8JXDkbRPImFb+BwOtU/ZCPlg==", "tweeet"=>{"Tweeet"=>"fdsfdsfds"}, "commit"=>"Create Tweeet"}
  [1m[35m (0.2ms)[0m  [1m[36mbegin transaction[0m
  ↳ app/controllers/tweeets_controller.rb:30:in `block in create'
  [1m[36mTweeet Create (0.5ms)[0m  [1m[32mINSERT INTO "tweeets" ("Tweeet", "created_at", "updated_at") VALUES (?, ?, ?)[0m  [["Tweeet", "fdsfdsfds"], ["created_at", "2020-12-23 09:31:30.510600"], ["updated_at", "2020-12-23 09:31:30.510600"]]
  ↳ app/controllers/tweeets_controller.rb:30:in `block in create'
  [1m[35m (92.5ms)[0m  [1m[36mcommit transaction[0m
  ↳ app/controllers/tweeets_controller.rb:30:in `block in create'
Redirected to http://localhost:3000/tweeets/1
Completed 302 Found in 107ms (ActiveRecord: 93.2ms | Allocations: 4866)


Started GET "/tweeets/1" for 127.0.0.1 at 2020-12-23 10:31:30 +0100
Processing by TweeetsController#show as HTML
  Parameters: {"id"=>"1"}
  [1m[36mTweeet Load (0.2ms)[0m  [1m[34mSELECT "tweeets".* FROM "tweeets" WHERE "tweeets"."id" = ? LIMIT ?[0m  [["id", 1], ["LIMIT", 1]]
  ↳ app/controllers/tweeets_controller.rb:67:in `set_tweeet'
  Rendering tweeets/show.html.erb within layouts/application
  Rendered tweeets/show.html.erb within layouts/application (Duration: 0.7ms | Allocations: 228)
[Webpacker] Everything's up-to-date. Nothing to do
Completed 200 OK in 10ms (Views: 5.6ms | ActiveRecord: 0.2ms | Allocations: 4648)


Started GET "/tweeets" for 127.0.0.1 at 2020-12-23 10:31:32 +0100
Processing by TweeetsController#index as HTML
  Rendering tweeets/index.html.erb within layouts/application
  [1m[36mTweeet Load (0.1ms)[0m  [1m[34mSELECT "tweeets".* FROM "tweeets"[0m
  ↳ app/views/tweeets/index.html.erb:14
  Rendered tweeets/index.html.erb within layouts/application (Duration: 1.8ms | Allocations: 771)
[Webpacker] Everything's up-to-date. Nothing to do
Completed 200 OK in 9ms (Views: 8.4ms | ActiveRecord: 0.1ms | Allocations: 4116)


Started GET "/tweeets" for 127.0.0.1 at 2020-12-23 11:04:03 +0100
  [1m[35m (0.1ms)[0m  [1m[34mSELECT sqlite_version(*)[0m
Processing by TweeetsController#index as HTML
  Rendering tweeets/index.html.erb within layouts/application
  [1m[36mTweeet Load (0.2ms)[0m  [1m[34mSELECT "tweeets".* FROM "tweeets"[0m
  ↳ app/views/tweeets/index.html.erb:14
  Rendered tweeets/index.html.erb within layouts/application (Duration: 8.5ms | Allocations: 2880)
Completed 500 Internal Server Error in 71ms (ActiveRecord: 0.2ms | Allocations: 7434)


  
ActionView::Template::Error (Error: File to import not found or unreadable: bulma.
        on line 1:1 of app/assets/stylesheets/application.scss
>> @import "bulma";

   ^
):
     5:     <%= csrf_meta_tags %>
     6:     <%= csp_meta_tag %>
     7: 
     8:     <%= stylesheet_link_tag 'application', media: 'all', 'data-turbolinks-track': 'reload' %>
     9:     <%= javascript_pack_tag 'application', 'data-turbolinks-track': 'reload' %>
    10:   </head>
    11: 
  
app/assets/stylesheets/application.scss:1
app/views/layouts/application.html.erb:8
Started GET "/tweeets" for 127.0.0.1 at 2020-12-23 11:07:59 +0100
  [1m[35m (0.6ms)[0m  [1m[34mSELECT sqlite_version(*)[0m
  [1m[35m (0.3ms)[0m  [1m[34mSELECT "schema_migrations"."version" FROM "schema_migrations" ORDER BY "schema_migrations"."version" ASC[0m
Processing by TweeetsController#index as HTML
  Rendering tweeets/index.html.erb within layouts/application
  [1m[36mTweeet Load (0.2ms)[0m  [1m[34mSELECT "tweeets".* FROM "tweeets"[0m
  ↳ app/views/tweeets/index.html.erb:14
  Rendered tweeets/index.html.erb within layouts/application (Duration: 8.8ms | Allocations: 3767)
[Webpacker] Everything's up-to-date. Nothing to do
Completed 200 OK in 2305ms (Views: 2295.6ms | ActiveRecord: 1.0ms | Allocations: 121341)


Started GET "/tweeets" for 127.0.0.1 at 2020-12-23 11:20:53 +0100
  [1m[35m (0.1ms)[0m  [1m[34mSELECT sqlite_version(*)[0m
Processing by TweeetsController#index as HTML
  Rendering tweeets/index.html.erb within layouts/application
  [1m[36mTweeet Load (0.2ms)[0m  [1m[34mSELECT "tweeets".* FROM "tweeets"[0m
  ↳ app/views/tweeets/index.html.erb:14
  Rendered tweeets/index.html.erb within layouts/application (Duration: 10.5ms | Allocations: 3147)
[Webpacker] Everything's up-to-date. Nothing to do
Completed 200 OK in 21ms (Views: 18.5ms | ActiveRecord: 0.2ms | Allocations: 8073)


Started GET "/tweeets" for 127.0.0.1 at 2020-12-23 11:20:54 +0100
Processing by TweeetsController#index as HTML
  Rendering tweeets/index.html.erb within layouts/application
  [1m[36mTweeet Load (0.1ms)[0m  [1m[34mSELECT "tweeets".* FROM "tweeets"[0m
  ↳ app/views/tweeets/index.html.erb:14
  Rendered tweeets/index.html.erb within layouts/application (Duration: 2.2ms | Allocations: 778)
[Webpacker] Everything's up-to-date. Nothing to do
Completed 200 OK in 11ms (Views: 9.4ms | ActiveRecord: 0.1ms | Allocations: 4374)


Started GET "/tweeets" for 127.0.0.1 at 2020-12-23 11:20:56 +0100
Processing by TweeetsController#index as HTML
  Rendering tweeets/index.html.erb within layouts/application
  [1m[36mTweeet Load (0.1ms)[0m  [1m[34mSELECT "tweeets".* FROM "tweeets"[0m
  ↳ app/views/tweeets/index.html.erb:14
  Rendered tweeets/index.html.erb within layouts/application (Duration: 2.5ms | Allocations: 769)
[Webpacker] Everything's up-to-date. Nothing to do
Completed 200 OK in 13ms (Views: 11.5ms | ActiveRecord: 0.1ms | Allocations: 4369)


DEPRECATION WARNING: Using `bin/rake routes` is deprecated and will be removed in Rails 6.1. Use `bin/rails routes` instead.
 (called from load at /home/benjamin/.rbenv/versions/2.7.0/bin/rake:23)
Started GET "/tweeets" for 127.0.0.1 at 2020-12-23 13:43:34 +0100
  [1m[35m (0.1ms)[0m  [1m[34mSELECT sqlite_version(*)[0m
Processing by TweeetsController#index as HTML
  Rendering tweeets/index.html.erb within layouts/application
  [1m[36mTweeet Load (0.2ms)[0m  [1m[34mSELECT "tweeets".* FROM "tweeets"[0m
  ↳ app/views/tweeets/index.html.erb:14
  Rendered tweeets/index.html.erb within layouts/application (Duration: 2.9ms | Allocations: 1011)
[Webpacker] Everything's up-to-date. Nothing to do
Completed 500 Internal Server Error in 258ms (ActiveRecord: 0.2ms | Allocations: 143509)



NameError - undefined local variable or method `new_tweet_path' for #<#<Class:0x00007fd5584439e8>:0x00007fd558441378>
Did you mean?  new_tweeet_path:
  app/views/layouts/application.html.erb:42

Started POST "/__better_errors/6f119eb08bdc2bda/variables" for 127.0.0.1 at 2020-12-23 13:43:35 +0100
Started GET "/tweeets" for 127.0.0.1 at 2020-12-23 13:43:47 +0100
Processing by TweeetsController#index as HTML
  Rendering tweeets/index.html.erb within layouts/application
  [1m[36mTweeet Load (0.1ms)[0m  [1m[34mSELECT "tweeets".* FROM "tweeets"[0m
  ↳ app/views/tweeets/index.html.erb:14
  Rendered tweeets/index.html.erb within layouts/application (Duration: 2.7ms | Allocations: 1008)
[Webpacker] Everything's up-to-date. Nothing to do
Completed 200 OK in 16ms (Views: 13.3ms | ActiveRecord: 0.1ms | Allocations: 5801)


Started GET "/" for 127.0.0.1 at 2020-12-23 13:44:06 +0100
Processing by TweeetsController#index as HTML
  Rendering tweeets/index.html.erb within layouts/application
  [1m[36mTweeet Load (0.2ms)[0m  [1m[34mSELECT "tweeets".* FROM "tweeets"[0m
  ↳ app/views/tweeets/index.html.erb:14
  Rendered tweeets/index.html.erb within layouts/application (Duration: 3.2ms | Allocations: 764)
[Webpacker] Everything's up-to-date. Nothing to do
Completed 200 OK in 11ms (Views: 10.3ms | ActiveRecord: 0.2ms | Allocations: 4412)


Started GET "/" for 127.0.0.1 at 2020-12-23 13:44:38 +0100
Processing by TweeetsController#index as HTML
  Rendering tweeets/index.html.erb within layouts/application
  [1m[36mTweeet Load (0.2ms)[0m  [1m[34mSELECT "tweeets".* FROM "tweeets"[0m
  ↳ app/views/tweeets/index.html.erb:14
  Rendered tweeets/index.html.erb within layouts/application (Duration: 3.2ms | Allocations: 992)
[Webpacker] Everything's up-to-date. Nothing to do
Completed 200 OK in 16ms (Views: 14.2ms | ActiveRecord: 0.2ms | Allocations: 5744)


Started GET "/" for 127.0.0.1 at 2020-12-23 13:47:04 +0100
Processing by TweeetsController#index as HTML
  Rendering tweeets/index.html.erb within layouts/application
  [1m[36mTweeet Load (0.1ms)[0m  [1m[34mSELECT "tweeets".* FROM "tweeets"[0m
  ↳ app/views/tweeets/index.html.erb:14
  Rendered tweeets/index.html.erb within layouts/application (Duration: 1.7ms | Allocations: 764)
Started GET "/" for 127.0.0.1 at 2020-12-23 13:47:06 +0100
  [1m[35m (0.1ms)[0m  [1m[34mSELECT sqlite_version(*)[0m
Processing by TweeetsController#index as HTML
  Rendering tweeets/index.html.erb within layouts/application
  [1m[36mTweeet Load (0.2ms)[0m  [1m[34mSELECT "tweeets".* FROM "tweeets"[0m
  ↳ app/views/tweeets/index.html.erb:14
  Rendered tweeets/index.html.erb within layouts/application (Duration: 2.3ms | Allocations: 796)
[Webpacker] Everything's up-to-date. Nothing to do
Completed 200 OK in 2237ms (Views: 2235.7ms | ActiveRecord: 0.1ms | Allocations: 115637)


[Webpacker] Everything's up-to-date. Nothing to do
Completed 200 OK in 43ms (Views: 41.4ms | ActiveRecord: 0.2ms | Allocations: 10570)


Started GET "/" for 127.0.0.1 at 2020-12-23 13:47:37 +0100
Processing by TweeetsController#index as HTML
  Rendering tweeets/index.html.erb within layouts/application
  [1m[36mTweeet Load (0.1ms)[0m  [1m[34mSELECT "tweeets".* FROM "tweeets"[0m
  ↳ app/views/tweeets/index.html.erb:14
  Rendered tweeets/index.html.erb within layouts/application (Duration: 2.0ms | Allocations: 760)
[Webpacker] Everything's up-to-date. Nothing to do
Completed 200 OK in 2261ms (Views: 2259.8ms | ActiveRecord: 0.1ms | Allocations: 109476)


Started GET "/" for 127.0.0.1 at 2020-12-23 13:47:55 +0100
Processing by TweeetsController#index as HTML
  Rendering tweeets/index.html.erb within layouts/application
  [1m[36mTweeet Load (0.2ms)[0m  [1m[34mSELECT "tweeets".* FROM "tweeets"[0m
  ↳ app/views/tweeets/index.html.erb:14
  Rendered tweeets/index.html.erb within layouts/application (Duration: 2.1ms | Allocations: 760)
[Webpacker] Everything's up-to-date. Nothing to do
Completed 200 OK in 10ms (Views: 8.8ms | ActiveRecord: 0.2ms | Allocations: 4420)


Started GET "/" for 127.0.0.1 at 2020-12-23 13:57:50 +0100
  [1m[35m (0.1ms)[0m  [1m[34mSELECT sqlite_version(*)[0m
Processing by TweeetsController#index as HTML
  Rendering tweeets/index.html.erb within layouts/application
  [1m[36mTweeet Load (0.3ms)[0m  [1m[34mSELECT "tweeets".* FROM "tweeets" ORDER BY created_at DESC LIMIT ?[0m  [["LIMIT", 11]]
  ↳ app/views/tweeets/index.html.erb:19
  [1m[36mCACHE Tweeet Load (0.0ms)[0m  [1m[34mSELECT "tweeets".* FROM "tweeets" ORDER BY created_at DESC LIMIT ?[0m  [["LIMIT", 11]]
  ↳ app/views/tweeets/index.html.erb:19
  [1m[36mCACHE Tweeet Load (0.0ms)[0m  [1m[34mSELECT "tweeets".* FROM "tweeets" ORDER BY created_at DESC LIMIT ?[0m  [["LIMIT", 11]]
  ↳ app/views/tweeets/index.html.erb:19
  [1m[36mCACHE Tweeet Load (0.0ms)[0m  [1m[34mSELECT "tweeets".* FROM "tweeets" ORDER BY created_at DESC LIMIT ?[0m  [["LIMIT", 11]]
  ↳ app/views/tweeets/index.html.erb:19
  [1m[36mCACHE Tweeet Load (0.0ms)[0m  [1m[34mSELECT "tweeets".* FROM "tweeets" ORDER BY created_at DESC LIMIT ?[0m  [["LIMIT", 11]]
  ↳ app/views/tweeets/index.html.erb:19
  [1m[36mCACHE Tweeet Load (0.0ms)[0m  [1m[34mSELECT "tweeets".* FROM "tweeets" ORDER BY created_at DESC LIMIT ?[0m  [["LIMIT", 11]]
  ↳ app/views/tweeets/index.html.erb:19
  [1m[36mCACHE Tweeet Load (0.0ms)[0m  [1m[34mSELECT "tweeets".* FROM "tweeets" ORDER BY created_at DESC LIMIT ?[0m  [["LIMIT", 11]]
  ↳ app/views/tweeets/index.html.erb:19
  [1m[36mCACHE Tweeet Load (0.0ms)[0m  [1m[34mSELECT "tweeets".* FROM "tweeets" ORDER BY created_at DESC LIMIT ?[0m  [["LIMIT", 11]]
  ↳ app/views/tweeets/index.html.erb:19
  Rendered tweeets/_feed.html.erb (Duration: 381.0ms | Allocations: 190458)
  Rendered tweeets/index.html.erb within layouts/application (Duration: 382.0ms | Allocations: 190808)
Completed 500 Internal Server Error in 385ms (ActiveRecord: 0.4ms | Allocations: 192355)


  [1m[36mCACHE Tweeet Load (0.0ms)[0m  [1m[34mSELECT "tweeets".* FROM "tweeets" ORDER BY created_at DESC LIMIT ?[0m  [["LIMIT", 11]]
  [1m[36mCACHE Tweeet Load (0.0ms)[0m  [1m[34mSELECT "tweeets".* FROM "tweeets" ORDER BY created_at DESC LIMIT ?[0m  [["LIMIT", 11]]
  [1m[36mCACHE Tweeet Load (0.0ms)[0m  [1m[34mSELECT "tweeets".* FROM "tweeets" ORDER BY created_at DESC LIMIT ?[0m  [["LIMIT", 11]]
  [1m[36mCACHE Tweeet Load (0.0ms)[0m  [1m[34mSELECT "tweeets".* FROM "tweeets" ORDER BY created_at DESC LIMIT ?[0m  [["LIMIT", 11]]
  [1m[36mCACHE Tweeet Load (0.0ms)[0m  [1m[34mSELECT "tweeets".* FROM "tweeets" ORDER BY created_at DESC LIMIT ?[0m  [["LIMIT", 11]]
  [1m[36mCACHE Tweeet Load (0.0ms)[0m  [1m[34mSELECT "tweeets".* FROM "tweeets" ORDER BY created_at DESC LIMIT ?[0m  [["LIMIT", 11]]
  [1m[36mCACHE Tweeet Load (0.0ms)[0m  [1m[34mSELECT "tweeets".* FROM "tweeets" ORDER BY created_at DESC LIMIT ?[0m  [["LIMIT", 11]]
  [1m[36mCACHE Tweeet Load (0.0ms)[0m  [1m[34mSELECT "tweeets".* FROM "tweeets" ORDER BY created_at DESC LIMIT ?[0m  [["LIMIT", 11]]

NameError - undefined local variable or method `tweeets' for #<#<Class:0x00005572edda5f10>:0x00005572edd36250>
Did you mean?  @tweeets:
  app/views/tweeets/_feed.html.erb:15
  app/views/tweeets/index.html.erb:19

Started POST "/__better_errors/6037d34727023b62/variables" for 127.0.0.1 at 2020-12-23 13:57:51 +0100
  [1m[36mTweeet Load (0.3ms)[0m  [1m[34mSELECT "tweeets".* FROM "tweeets" ORDER BY created_at DESC LIMIT ?[0m  [["LIMIT", 11]]
  [1m[36mCACHE Tweeet Load (0.0ms)[0m  [1m[34mSELECT "tweeets".* FROM "tweeets" ORDER BY created_at DESC LIMIT ?[0m  [["LIMIT", 11]]
  [1m[36mCACHE Tweeet Load (0.0ms)[0m  [1m[34mSELECT "tweeets".* FROM "tweeets" ORDER BY created_at DESC LIMIT ?[0m  [["LIMIT", 11]]
  [1m[36mCACHE Tweeet Load (0.1ms)[0m  [1m[34mSELECT "tweeets".* FROM "tweeets" ORDER BY created_at DESC LIMIT ?[0m  [["LIMIT", 11]]
  [1m[36mCACHE Tweeet Load (0.0ms)[0m  [1m[34mSELECT "tweeets".* FROM "tweeets" ORDER BY created_at DESC LIMIT ?[0m  [["LIMIT", 11]]
  [1m[36mCACHE Tweeet Load (0.0ms)[0m  [1m[34mSELECT "tweeets".* FROM "tweeets" ORDER BY created_at DESC LIMIT ?[0m  [["LIMIT", 11]]
  [1m[36mCACHE Tweeet Load (0.0ms)[0m  [1m[34mSELECT "tweeets".* FROM "tweeets" ORDER BY created_at DESC LIMIT ?[0m  [["LIMIT", 11]]
Started GET "/" for 127.0.0.1 at 2020-12-23 13:58:10 +0100
Processing by TweeetsController#index as HTML
  Rendering tweeets/index.html.erb within layouts/application
  [1m[36mTweeet Load (0.2ms)[0m  [1m[34mSELECT "tweeets".* FROM "tweeets" ORDER BY created_at DESC[0m
  ↳ app/views/tweeets/_feed.html.erb:15
  Rendered tweeets/_feed.html.erb (Duration: 7.5ms | Allocations: 3832)
  Rendered tweeets/index.html.erb within layouts/application (Duration: 8.6ms | Allocations: 4177)
Completed 500 Internal Server Error in 12ms (ActiveRecord: 0.2ms | Allocations: 5358)



NoMethodError - undefined method `tweeet' for #<Tweeet:0x00005572eeaba098>
Did you mean?  Tweeet
               Tweeet?
               Tweeet=:
  app/views/tweeets/_feed.html.erb:29
  app/views/tweeets/_feed.html.erb:15
  app/views/tweeets/index.html.erb:19

Started POST "/__better_errors/1d3dc6b23b4fad3c/variables" for 127.0.0.1 at 2020-12-23 13:58:11 +0100
Started GET "/" for 127.0.0.1 at 2020-12-23 13:58:12 +0100
Processing by TweeetsController#index as HTML
  Rendering tweeets/index.html.erb within layouts/application
  [1m[36mTweeet Load (0.4ms)[0m  [1m[34mSELECT "tweeets".* FROM "tweeets" ORDER BY created_at DESC[0m
  ↳ app/views/tweeets/_feed.html.erb:15
  Rendered tweeets/_feed.html.erb (Duration: 9.9ms | Allocations: 3638)
  Rendered tweeets/index.html.erb within layouts/application (Duration: 10.4ms | Allocations: 3715)
Completed 500 Internal Server Error in 13ms (ActiveRecord: 0.4ms | Allocations: 4163)



NoMethodError - undefined method `tweeet' for #<Tweeet:0x00005572ef6f4d90>
Did you mean?  Tweeet
               Tweeet?
               Tweeet=:
  app/views/tweeets/_feed.html.erb:29
  app/views/tweeets/_feed.html.erb:15
  app/views/tweeets/index.html.erb:19

Started POST "/__better_errors/061fee2e4f0a5aac/variables" for 127.0.0.1 at 2020-12-23 13:58:12 +0100
Started POST "/__better_errors/061fee2e4f0a5aac/variables" for 127.0.0.1 at 2020-12-23 13:58:17 +0100
Started POST "/__better_errors/061fee2e4f0a5aac/variables" for 127.0.0.1 at 2020-12-23 13:58:22 +0100
Started GET "/" for 127.0.0.1 at 2020-12-23 13:59:21 +0100
Processing by TweeetsController#index as HTML
  Rendering tweeets/index.html.erb within layouts/application
  [1m[36mTweeet Load (0.4ms)[0m  [1m[34mSELECT "tweeets".* FROM "tweeets" ORDER BY created_at DESC[0m
  ↳ app/views/tweeets/_feed.html.erb:15
  Rendered tweeets/_feed.html.erb (Duration: 12.1ms | Allocations: 4718)
  Rendered tweeets/index.html.erb within layouts/application (Duration: 13.4ms | Allocations: 5061)
Completed 500 Internal Server Error in 18ms (ActiveRecord: 0.4ms | Allocations: 6242)



NoMethodError - undefined method `tweeet' for #<Class:0x00005572ede11508>:
  app/views/tweeets/_feed.html.erb:29
  app/views/tweeets/_feed.html.erb:15
  app/views/tweeets/index.html.erb:19

Started POST "/__better_errors/94fe6ccb690afa3e/variables" for 127.0.0.1 at 2020-12-23 13:59:21 +0100
Started GET "/" for 127.0.0.1 at 2020-12-23 13:59:21 +0100
Processing by TweeetsController#index as HTML
  Rendering tweeets/index.html.erb within layouts/application
  [1m[36mTweeet Load (0.2ms)[0m  [1m[34mSELECT "tweeets".* FROM "tweeets" ORDER BY created_at DESC[0m
  ↳ app/views/tweeets/_feed.html.erb:15
  Rendered tweeets/_feed.html.erb (Duration: 12.9ms | Allocations: 4564)
  Rendered tweeets/index.html.erb within layouts/application (Duration: 13.3ms | Allocations: 4641)
Completed 500 Internal Server Error in 15ms (ActiveRecord: 0.2ms | Allocations: 5089)



NoMethodError - undefined method `tweeet' for #<Class:0x00005572ede11508>:
  app/views/tweeets/_feed.html.erb:29
  app/views/tweeets/_feed.html.erb:15
  app/views/tweeets/index.html.erb:19

Started POST "/__better_errors/69ea320c92b020eb/variables" for 127.0.0.1 at 2020-12-23 13:59:21 +0100
Started GET "/" for 127.0.0.1 at 2020-12-23 13:59:39 +0100
Processing by TweeetsController#index as HTML
  Rendering tweeets/index.html.erb within layouts/application
  [1m[36mTweeet Load (0.4ms)[0m  [1m[34mSELECT "tweeets".* FROM "tweeets" ORDER BY created_at DESC[0m
  ↳ app/views/tweeets/_feed.html.erb:15
  Rendered tweeets/_feed.html.erb (Duration: 4.6ms | Allocations: 795)
  Rendered tweeets/index.html.erb within layouts/application (Duration: 9.5ms | Allocations: 1136)
[Webpacker] Everything's up-to-date. Nothing to do
Completed 200 OK in 23ms (Views: 21.1ms | ActiveRecord: 0.4ms | Allocations: 5927)


Started GET "/" for 127.0.0.1 at 2020-12-23 14:02:11 +0100
Processing by TweeetsController#index as HTML
  Rendering tweeets/index.html.erb within layouts/application
  [1m[36mTweeet Load (0.3ms)[0m  [1m[34mSELECT "tweeets".* FROM "tweeets" ORDER BY created_at DESC[0m
  ↳ app/views/tweeets/_feed.html.erb:15
  Rendered tweeets/_feed.html.erb (Duration: 3.5ms | Allocations: 791)
  Rendered tweeets/index.html.erb within layouts/application (Duration: 5.1ms | Allocations: 1085)
[Webpacker] Everything's up-to-date. Nothing to do
Completed 200 OK in 17ms (Views: 15.4ms | ActiveRecord: 0.3ms | Allocations: 5868)


Started GET "/" for 127.0.0.1 at 2020-12-23 14:02:12 +0100
Processing by TweeetsController#index as HTML
  Rendering tweeets/index.html.erb within layouts/application
  [1m[36mTweeet Load (0.3ms)[0m  [1m[34mSELECT "tweeets".* FROM "tweeets" ORDER BY created_at DESC[0m
  ↳ app/views/tweeets/_feed.html.erb:15
  Rendered tweeets/_feed.html.erb (Duration: 2.2ms | Allocations: 640)
  Rendered tweeets/index.html.erb within layouts/application (Duration: 2.9ms | Allocations: 700)
[Webpacker] Everything's up-to-date. Nothing to do
Completed 200 OK in 11ms (Views: 9.8ms | ActiveRecord: 0.3ms | Allocations: 4401)


Started GET "/" for 127.0.0.1 at 2020-12-23 14:02:31 +0100
Processing by TweeetsController#index as HTML
  Rendering tweeets/index.html.erb within layouts/application
  [1m[36mTweeet Load (0.2ms)[0m  [1m[34mSELECT "tweeets".* FROM "tweeets" ORDER BY created_at DESC[0m
  ↳ app/views/tweeets/_feed.html.erb:15
  Rendered tweeets/_feed.html.erb (Duration: 2.2ms | Allocations: 793)
  Rendered tweeets/index.html.erb within layouts/application (Duration: 3.4ms | Allocations: 1086)
[Webpacker] Everything's up-to-date. Nothing to do
Completed 200 OK in 18ms (Views: 15.6ms | ActiveRecord: 0.2ms | Allocations: 5869)


Started GET "/" for 127.0.0.1 at 2020-12-23 14:11:40 +0100
  [1m[35m (0.2ms)[0m  [1m[34mSELECT sqlite_version(*)[0m
Processing by TweeetsController#index as HTML
  Rendering tweeets/index.html.erb within layouts/application
  [1m[36mTweeet Load (0.3ms)[0m  [1m[34mSELECT "tweeets".* FROM "tweeets" ORDER BY created_at DESC[0m
  ↳ app/views/tweeets/_feed.html.erb:15
  Rendered tweeets/_feed.html.erb (Duration: 298.3ms | Allocations: 155445)
  Rendered tweeets/index.html.erb within layouts/application (Duration: 299.5ms | Allocations: 155740)
Completed 500 Internal Server Error in 303ms (ActiveRecord: 0.3ms | Allocations: 156920)



NameError - undefined local variable or method `tweet' for #<#<Class:0x00005572ef0bc1a8>:0x00005572ef09b020>
Did you mean?  tweeet
               @tweeets:
  app/views/tweeets/_feed.html.erb:33
  app/views/tweeets/_feed.html.erb:15
  app/views/tweeets/index.html.erb:4

Started POST "/__better_errors/1ab954ce4e952e25/variables" for 127.0.0.1 at 2020-12-23 14:11:41 +0100
Started GET "/" for 127.0.0.1 at 2020-12-23 14:11:58 +0100
Processing by TweeetsController#index as HTML
  Rendering tweeets/index.html.erb within layouts/application
  [1m[36mTweeet Load (0.3ms)[0m  [1m[34mSELECT "tweeets".* FROM "tweeets" ORDER BY created_at DESC[0m
  ↳ app/views/tweeets/_feed.html.erb:15
  Rendered tweeets/_feed.html.erb (Duration: 159.1ms | Allocations: 93838)
  Rendered tweeets/index.html.erb within layouts/application (Duration: 160.4ms | Allocations: 94141)
Completed 500 Internal Server Error in 165ms (ActiveRecord: 0.3ms | Allocations: 95327)



NoMethodError - undefined method `edit_tweet_path' for #<#<Class:0x00007fd558ac1d38>:0x00007fd558ab6f28>
Did you mean?  edit_tweeet_path:
  app/views/tweeets/_feed.html.erb:36
  app/views/tweeets/_feed.html.erb:15
  app/views/tweeets/index.html.erb:4

Started POST "/__better_errors/6007f92ae52a159c/variables" for 127.0.0.1 at 2020-12-23 14:11:59 +0100
Started GET "/" for 127.0.0.1 at 2020-12-23 14:12:25 +0100
Processing by TweeetsController#index as HTML
  Rendering tweeets/index.html.erb within layouts/application
  [1m[36mTweeet Load (0.2ms)[0m  [1m[34mSELECT "tweeets".* FROM "tweeets" ORDER BY created_at DESC[0m
  ↳ app/views/tweeets/_feed.html.erb:15
  Rendered tweeets/_feed.html.erb (Duration: 2.4ms | Allocations: 1077)
  Rendered tweeets/index.html.erb within layouts/application (Duration: 3.7ms | Allocations: 1376)
[Webpacker] Everything's up-to-date. Nothing to do
Completed 200 OK in 19ms (Views: 16.9ms | ActiveRecord: 0.2ms | Allocations: 6819)


Started GET "/" for 127.0.0.1 at 2020-12-23 14:12:29 +0100
Processing by TweeetsController#index as HTML
  Rendering tweeets/index.html.erb within layouts/application
  [1m[36mTweeet Load (0.2ms)[0m  [1m[34mSELECT "tweeets".* FROM "tweeets" ORDER BY created_at DESC[0m
  ↳ app/views/tweeets/_feed.html.erb:15
  Rendered tweeets/_feed.html.erb (Duration: 3.7ms | Allocations: 792)
  Rendered tweeets/index.html.erb within layouts/application (Duration: 4.4ms | Allocations: 852)
[Webpacker] Everything's up-to-date. Nothing to do
Completed 200 OK in 16ms (Views: 14.3ms | ActiveRecord: 0.2ms | Allocations: 5132)


Started GET "/" for 127.0.0.1 at 2020-12-23 14:12:30 +0100
Processing by TweeetsController#index as HTML
  Rendering tweeets/index.html.erb within layouts/application
  [1m[36mTweeet Load (0.2ms)[0m  [1m[34mSELECT "tweeets".* FROM "tweeets" ORDER BY created_at DESC[0m
  ↳ app/views/tweeets/_feed.html.erb:15
  Rendered tweeets/_feed.html.erb (Duration: 3.8ms | Allocations: 789)
  Rendered tweeets/index.html.erb within layouts/application (Duration: 4.3ms | Allocations: 849)
[Webpacker] Everything's up-to-date. Nothing to do
Completed 200 OK in 16ms (Views: 14.4ms | ActiveRecord: 0.2ms | Allocations: 5122)


Started GET "/tweeets/1" for 127.0.0.1 at 2020-12-23 14:12:43 +0100
Processing by TweeetsController#show as HTML
  Parameters: {"id"=>"1"}
  [1m[36mTweeet Load (0.3ms)[0m  [1m[34mSELECT "tweeets".* FROM "tweeets" WHERE "tweeets"."id" = ? LIMIT ?[0m  [["id", 1], ["LIMIT", 1]]
  ↳ app/controllers/tweeets_controller.rb:67:in `set_tweeet'
  Rendering tweeets/show.html.erb within layouts/application
  Rendered tweeets/show.html.erb within layouts/application (Duration: 1.8ms | Allocations: 226)
[Webpacker] Everything's up-to-date. Nothing to do
Completed 200 OK in 37ms (Views: 16.9ms | ActiveRecord: 0.3ms | Allocations: 7744)


Started GET "/tweeets/1/edit" for 127.0.0.1 at 2020-12-23 14:12:55 +0100
Processing by TweeetsController#edit as HTML
  Parameters: {"id"=>"1"}
  [1m[36mTweeet Load (0.2ms)[0m  [1m[34mSELECT "tweeets".* FROM "tweeets" WHERE "tweeets"."id" = ? LIMIT ?[0m  [["id", 1], ["LIMIT", 1]]
  ↳ app/controllers/tweeets_controller.rb:67:in `set_tweeet'
  Rendering tweeets/edit.html.erb within layouts/application
  Rendered tweeets/_form.html.erb (Duration: 16.0ms | Allocations: 3145)
  Rendered tweeets/edit.html.erb within layouts/application (Duration: 17.6ms | Allocations: 3522)
[Webpacker] Everything's up-to-date. Nothing to do
Completed 200 OK in 31ms (Views: 25.4ms | ActiveRecord: 0.2ms | Allocations: 8451)


Started GET "/tweeets" for 127.0.0.1 at 2020-12-23 14:12:57 +0100
Processing by TweeetsController#index as HTML
  Rendering tweeets/index.html.erb within layouts/application
  [1m[36mTweeet Load (0.3ms)[0m  [1m[34mSELECT "tweeets".* FROM "tweeets" ORDER BY created_at DESC[0m
  ↳ app/views/tweeets/_feed.html.erb:15
  Rendered tweeets/_feed.html.erb (Duration: 3.2ms | Allocations: 790)
  Rendered tweeets/index.html.erb within layouts/application (Duration: 3.6ms | Allocations: 850)
[Webpacker] Everything's up-to-date. Nothing to do
Completed 200 OK in 15ms (Views: 12.5ms | ActiveRecord: 0.3ms | Allocations: 5124)


Started GET "/tweeets" for 127.0.0.1 at 2020-12-23 14:15:08 +0100
Processing by TweeetsController#index as HTML
  Rendering tweeets/index.html.erb within layouts/application
  [1m[36mTweeet Load (0.3ms)[0m  [1m[34mSELECT "tweeets".* FROM "tweeets" ORDER BY created_at DESC[0m
  ↳ app/views/tweeets/_feed.html.erb:15
  Rendered tweeets/_feed.html.erb (Duration: 4.1ms | Allocations: 1076)
  Rendered tweeets/_who-to-follow.html.erb (Duration: 5.3ms | Allocations: 67)
  Rendered tweeets/index.html.erb within layouts/application (Duration: 12.0ms | Allocations: 1650)
[Webpacker] Everything's up-to-date. Nothing to do
Completed 200 OK in 24ms (Views: 21.0ms | ActiveRecord: 0.3ms | Allocations: 7095)


Started GET "/tweeets" for 127.0.0.1 at 2020-12-23 14:19:07 +0100
Processing by TweeetsController#index as HTML
  Rendering tweeets/index.html.erb within layouts/application
  [1m[36mTweeet Load (0.4ms)[0m  [1m[34mSELECT "tweeets".* FROM "tweeets" ORDER BY created_at DESC[0m
  ↳ app/views/tweeets/_feed.html.erb:15
  Rendered tweeets/_feed.html.erb (Duration: 3.3ms | Allocations: 792)
  Rendered tweeets/_who-to-follow.html.erb (Duration: 0.0ms | Allocations: 5)
  Rendered tweeets/index.html.erb within layouts/application (Duration: 4.0ms | Allocations: 913)
[Webpacker] Everything's up-to-date. Nothing to do
Completed 200 OK in 16ms (Views: 13.9ms | ActiveRecord: 0.4ms | Allocations: 5189)


Started GET "/tweeets" for 127.0.0.1 at 2020-12-23 14:19:11 +0100
Processing by TweeetsController#index as HTML
  Rendering tweeets/index.html.erb within layouts/application
  [1m[36mTweeet Load (0.2ms)[0m  [1m[34mSELECT "tweeets".* FROM "tweeets" ORDER BY created_at DESC[0m
  ↳ app/views/tweeets/_feed.html.erb:15
  Rendered tweeets/_feed.html.erb (Duration: 3.2ms | Allocations: 1076)
  Rendered tweeets/_who-to-follow.html.erb (Duration: 0.3ms | Allocations: 122)
  Rendered tweeets/index.html.erb within layouts/application (Duration: 5.4ms | Allocations: 1702)
[Webpacker] Everything's up-to-date. Nothing to do
Completed 200 OK in 20ms (Views: 16.9ms | ActiveRecord: 0.2ms | Allocations: 7141)


Started GET "/tweeets" for 127.0.0.1 at 2020-12-23 14:20:11 +0100
Processing by TweeetsController#index as HTML
  Rendering tweeets/index.html.erb within layouts/application
  [1m[36mTweeet Load (0.2ms)[0m  [1m[34mSELECT "tweeets".* FROM "tweeets" ORDER BY created_at DESC[0m
  ↳ app/views/tweeets/_feed.html.erb:15
  Rendered tweeets/_feed.html.erb (Duration: 3.3ms | Allocations: 1076)
  Rendered tweeets/_who-to-follow.html.erb (Duration: 0.5ms | Allocations: 124)
  Rendered tweeets/index.html.erb within layouts/application (Duration: 6.4ms | Allocations: 1701)
[Webpacker] Everything's up-to-date. Nothing to do
Completed 200 OK in 18ms (Views: 16.2ms | ActiveRecord: 0.2ms | Allocations: 7083)


Started GET "/tweeets" for 127.0.0.1 at 2020-12-23 14:21:34 +0100
Processing by TweeetsController#index as HTML
  Rendering tweeets/index.html.erb within layouts/application
  [1m[36mTweeet Load (0.3ms)[0m  [1m[34mSELECT "tweeets".* FROM "tweeets" ORDER BY created_at DESC[0m
  ↳ app/views/tweeets/_feed.html.erb:15
  Rendered tweeets/_feed.html.erb (Duration: 3.3ms | Allocations: 1076)
  Rendered tweeets/_who-to-follow.html.erb (Duration: 0.4ms | Allocations: 145)
  Rendered tweeets/index.html.erb within layouts/application (Duration: 5.6ms | Allocations: 1722)
[Webpacker] Everything's up-to-date. Nothing to do
Completed 200 OK in 18ms (Views: 16.1ms | ActiveRecord: 0.3ms | Allocations: 7104)


Started GET "/tweeets" for 127.0.0.1 at 2020-12-23 14:22:25 +0100
Processing by TweeetsController#index as HTML
  Rendering tweeets/index.html.erb within layouts/application
  [1m[36mTweeet Load (0.2ms)[0m  [1m[34mSELECT "tweeets".* FROM "tweeets" ORDER BY created_at DESC[0m
  ↳ app/views/tweeets/_feed.html.erb:15
  Rendered tweeets/_feed.html.erb (Duration: 3.1ms | Allocations: 1076)
  Rendered tweeets/_who-to-follow.html.erb (Duration: 0.5ms | Allocations: 145)
  Rendered tweeets/index.html.erb within layouts/application (Duration: 6.1ms | Allocations: 1722)
[Webpacker] Everything's up-to-date. Nothing to do
Completed 200 OK in 19ms (Views: 17.6ms | ActiveRecord: 0.2ms | Allocations: 7115)


Started GET "/tweeets" for 127.0.0.1 at 2020-12-23 14:26:10 +0100
Processing by TweeetsController#index as HTML
  Rendering tweeets/index.html.erb within layouts/application
  Rendered tweeets/_trends.html.erb (Duration: 0.5ms | Allocations: 89)
  [1m[36mTweeet Load (0.3ms)[0m  [1m[34mSELECT "tweeets".* FROM "tweeets" ORDER BY created_at DESC[0m
  ↳ app/views/tweeets/_feed.html.erb:15
  Rendered tweeets/_feed.html.erb (Duration: 4.3ms | Allocations: 1075)
  Rendered tweeets/_who-to-follow.html.erb (Duration: 0.6ms | Allocations: 145)
  Rendered tweeets/index.html.erb within layouts/application (Duration: 8.9ms | Allocations: 2031)
[Webpacker] Everything's up-to-date. Nothing to do
Completed 200 OK in 26ms (Views: 22.6ms | ActiveRecord: 0.3ms | Allocations: 7475)


Started GET "/tweeets" for 127.0.0.1 at 2020-12-23 14:27:33 +0100
Processing by TweeetsController#index as HTML
  Rendering tweeets/index.html.erb within layouts/application
  Rendered tweeets/_trends.html.erb (Duration: 0.3ms | Allocations: 87)
  Rendered tweeets/_feed.html.erb (Duration: 1.8ms | Allocations: 1728)
  Rendered tweeets/index.html.erb within layouts/application (Duration: 4.1ms | Allocations: 2336)
Completed 500 Internal Server Error in 7ms (ActiveRecord: 0.0ms | Allocations: 3521)



ActionView::MissingTemplate - Missing partial tweets/_form with {:locale=>[:en], :formats=>[:html], :variants=>[], :handlers=>[:raw, :erb, :html, :builder, :ruby, :jbuilder]}. Searched in:
  * "/home/benjamin/Twitter/app/views"
  * "/home/benjamin/gems/gems/actiontext-6.0.3.4/app/views"
  * "/home/benjamin/gems/gems/actionmailbox-6.0.3.4/app/views":
  app/views/tweeets/_feed.html.erb:8
  app/views/tweeets/index.html.erb:5

Started POST "/__better_errors/6b272d3aeba0ed49/variables" for 127.0.0.1 at 2020-12-23 14:27:34 +0100
  [1m[36mTweeet Load (0.5ms)[0m  [1m[34mSELECT "tweeets".* FROM "tweeets" ORDER BY created_at DESC LIMIT ?[0m  [["LIMIT", 11]]
Started GET "/tweeets" for 127.0.0.1 at 2020-12-23 14:27:40 +0100
Processing by TweeetsController#index as HTML
  Rendering tweeets/index.html.erb within layouts/application
  Rendered tweeets/_trends.html.erb (Duration: 0.5ms | Allocations: 87)
  [1m[36mTweeet Load (0.3ms)[0m  [1m[34mSELECT "tweeets".* FROM "tweeets" ORDER BY created_at DESC LIMIT ?[0m  [["LIMIT", 11]]
  ↳ app/views/tweeets/_feed.html.erb:8
  [1m[36mCACHE Tweeet Load (0.0ms)[0m  [1m[34mSELECT "tweeets".* FROM "tweeets" ORDER BY created_at DESC LIMIT ?[0m  [["LIMIT", 11]]
  ↳ app/views/tweeets/_feed.html.erb:8
  [1m[36mCACHE Tweeet Load (0.0ms)[0m  [1m[34mSELECT "tweeets".* FROM "tweeets" ORDER BY created_at DESC LIMIT ?[0m  [["LIMIT", 11]]
  ↳ app/views/tweeets/_feed.html.erb:8
  [1m[36mCACHE Tweeet Load (0.0ms)[0m  [1m[34mSELECT "tweeets".* FROM "tweeets" ORDER BY created_at DESC LIMIT ?[0m  [["LIMIT", 11]]
  ↳ app/views/tweeets/_feed.html.erb:8
  [1m[36mCACHE Tweeet Load (0.0ms)[0m  [1m[34mSELECT "tweeets".* FROM "tweeets" ORDER BY created_at DESC LIMIT ?[0m  [["LIMIT", 11]]
  ↳ app/views/tweeets/_feed.html.erb:8
  [1m[36mCACHE Tweeet Load (0.0ms)[0m  [1m[34mSELECT "tweeets".* FROM "tweeets" ORDER BY created_at DESC LIMIT ?[0m  [["LIMIT", 11]]
  ↳ app/views/tweeets/_feed.html.erb:8
  [1m[36mCACHE Tweeet Load (0.0ms)[0m  [1m[34mSELECT "tweeets".* FROM "tweeets" ORDER BY created_at DESC LIMIT ?[0m  [["LIMIT", 11]]
  ↳ app/views/tweeets/_feed.html.erb:8
  [1m[36mCACHE Tweeet Load (0.0ms)[0m  [1m[34mSELECT "tweeets".* FROM "tweeets" ORDER BY created_at DESC LIMIT ?[0m  [["LIMIT", 11]]
  ↳ app/views/tweeets/_feed.html.erb:8
  [1m[36mCACHE Tweeet Load (0.0ms)[0m  [1m[34mSELECT "tweeets".* FROM "tweeets" ORDER BY created_at DESC LIMIT ?[0m  [["LIMIT", 11]]
  ↳ app/views/tweeets/_feed.html.erb:8
  [1m[36mCACHE Tweeet Load (0.0ms)[0m  [1m[34mSELECT "tweeets".* FROM "tweeets" ORDER BY created_at DESC LIMIT ?[0m  [["LIMIT", 11]]
  ↳ app/views/tweeets/_feed.html.erb:8
  [1m[36mCACHE Tweeet Load (0.0ms)[0m  [1m[34mSELECT "tweeets".* FROM "tweeets" ORDER BY created_at DESC LIMIT ?[0m  [["LIMIT", 11]]
  ↳ app/views/tweeets/_feed.html.erb:8
  [1m[36mCACHE Tweeet Load (0.0ms)[0m  [1m[34mSELECT "tweeets".* FROM "tweeets" ORDER BY created_at DESC LIMIT ?[0m  [["LIMIT", 11]]
  ↳ app/views/tweeets/_feed.html.erb:8
  [1m[36mCACHE Tweeet Load (0.0ms)[0m  [1m[34mSELECT "tweeets".* FROM "tweeets" ORDER BY created_at DESC LIMIT ?[0m  [["LIMIT", 11]]
  ↳ app/views/tweeets/_feed.html.erb:8
  [1m[36mCACHE Tweeet Load (0.1ms)[0m  [1m[34mSELECT "tweeets".* FROM "tweeets" ORDER BY created_at DESC LIMIT ?[0m  [["LIMIT", 11]]
  ↳ app/views/tweeets/_feed.html.erb:8
  [1m[36mCACHE Tweeet Load (0.0ms)[0m  [1m[34mSELECT "tweeets".* FROM "tweeets" ORDER BY created_at DESC LIMIT ?[0m  [["LIMIT", 11]]
  ↳ app/views/tweeets/_feed.html.erb:8
  [1m[36mCACHE Tweeet Load (0.0ms)[0m  [1m[34mSELECT "tweeets".* FROM "tweeets" ORDER BY created_at DESC LIMIT ?[0m  [["LIMIT", 11]]
  ↳ app/views/tweeets/_feed.html.erb:8
  [1m[36mCACHE Tweeet Load (0.0ms)[0m  [1m[34mSELECT "tweeets".* FROM "tweeets" ORDER BY created_at DESC LIMIT ?[0m  [["LIMIT", 11]]
  ↳ app/views/tweeets/_feed.html.erb:8
  [1m[36mCACHE Tweeet Load (0.0ms)[0m  [1m[34mSELECT "tweeets".* FROM "tweeets" ORDER BY created_at DESC LIMIT ?[0m  [["LIMIT", 11]]
  ↳ app/views/tweeets/_feed.html.erb:8
  [1m[36mCACHE Tweeet Load (0.0ms)[0m  [1m[34mSELECT "tweeets".* FROM "tweeets" ORDER BY created_at DESC LIMIT ?[0m  [["LIMIT", 11]]
  ↳ app/views/tweeets/_feed.html.erb:8
  [1m[36mCACHE Tweeet Load (0.0ms)[0m  [1m[34mSELECT "tweeets".* FROM "tweeets" ORDER BY created_at DESC LIMIT ?[0m  [["LIMIT", 11]]
  ↳ app/views/tweeets/_feed.html.erb:8
  Rendered tweeets/_form.html.erb (Duration: 367.3ms | Allocations: 174274)
  Rendered tweeets/_feed.html.erb (Duration: 374.1ms | Allocations: 174774)
  Rendered tweeets/index.html.erb within layouts/application (Duration: 377.9ms | Allocations: 175383)
Completed 500 Internal Server Error in 384ms (ActiveRecord: 0.8ms | Allocations: 176570)


  [1m[36mCACHE Tweeet Load (0.0ms)[0m  [1m[34mSELECT "tweeets".* FROM "tweeets" ORDER BY created_at DESC LIMIT ?[0m  [["LIMIT", 11]]
  [1m[36mCACHE Tweeet Load (0.0ms)[0m  [1m[34mSELECT "tweeets".* FROM "tweeets" ORDER BY created_at DESC LIMIT ?[0m  [["LIMIT", 11]]
  [1m[36mCACHE Tweeet Load (0.0ms)[0m  [1m[34mSELECT "tweeets".* FROM "tweeets" ORDER BY created_at DESC LIMIT ?[0m  [["LIMIT", 11]]
  [1m[36mCACHE Tweeet Load (0.0ms)[0m  [1m[34mSELECT "tweeets".* FROM "tweeets" ORDER BY created_at DESC LIMIT ?[0m  [["LIMIT", 11]]
  [1m[36mCACHE Tweeet Load (0.0ms)[0m  [1m[34mSELECT "tweeets".* FROM "tweeets" ORDER BY created_at DESC LIMIT ?[0m  [["LIMIT", 11]]
  [1m[36mCACHE Tweeet Load (0.0ms)[0m  [1m[34mSELECT "tweeets".* FROM "tweeets" ORDER BY created_at DESC LIMIT ?[0m  [["LIMIT", 11]]
  [1m[36mCACHE Tweeet Load (0.0ms)[0m  [1m[34mSELECT "tweeets".* FROM "tweeets" ORDER BY created_at DESC LIMIT ?[0m  [["LIMIT", 11]]
  [1m[36mCACHE Tweeet Load (0.0ms)[0m  [1m[34mSELECT "tweeets".* FROM "tweeets" ORDER BY created_at DESC LIMIT ?[0m  [["LIMIT", 11]]
  [1m[36mCACHE Tweeet Load (0.0ms)[0m  [1m[34mSELECT "tweeets".* FROM "tweeets" ORDER BY created_at DESC LIMIT ?[0m  [["LIMIT", 11]]
  [1m[36mCACHE Tweeet Load (0.0ms)[0m  [1m[34mSELECT "tweeets".* FROM "tweeets" ORDER BY created_at DESC LIMIT ?[0m  [["LIMIT", 11]]
  [1m[36mCACHE Tweeet Load (0.0ms)[0m  [1m[34mSELECT "tweeets".* FROM "tweeets" ORDER BY created_at DESC LIMIT ?[0m  [["LIMIT", 11]]
  [1m[36mCACHE Tweeet Load (0.0ms)[0m  [1m[34mSELECT "tweeets".* FROM "tweeets" ORDER BY created_at DESC LIMIT ?[0m  [["LIMIT", 11]]
  [1m[36mCACHE Tweeet Load (0.0ms)[0m  [1m[34mSELECT "tweeets".* FROM "tweeets" ORDER BY created_at DESC LIMIT ?[0m  [["LIMIT", 11]]
  [1m[36mCACHE Tweeet Load (0.0ms)[0m  [1m[34mSELECT "tweeets".* FROM "tweeets" ORDER BY created_at DESC LIMIT ?[0m  [["LIMIT", 11]]
  [1m[36mCACHE Tweeet Load (0.0ms)[0m  [1m[34mSELECT "tweeets".* FROM "tweeets" ORDER BY created_at DESC LIMIT ?[0m  [["LIMIT", 11]]
  [1m[36mCACHE Tweeet Load (0.0ms)[0m  [1m[34mSELECT "tweeets".* FROM "tweeets" ORDER BY created_at DESC LIMIT ?[0m  [["LIMIT", 11]]
  [1m[36mCACHE Tweeet Load (0.1ms)[0m  [1m[34mSELECT "tweeets".* FROM "tweeets" ORDER BY created_at DESC LIMIT ?[0m  [["LIMIT", 11]]
  [1m[36mCACHE Tweeet Load (0.0ms)[0m  [1m[34mSELECT "tweeets".* FROM "tweeets" ORDER BY created_at DESC LIMIT ?[0m  [["LIMIT", 11]]
  [1m[36mCACHE Tweeet Load (0.0ms)[0m  [1m[34mSELECT "tweeets".* FROM "tweeets" ORDER BY created_at DESC LIMIT ?[0m  [["LIMIT", 11]]
  [1m[36mCACHE Tweeet Load (0.0ms)[0m  [1m[34mSELECT "tweeets".* FROM "tweeets" ORDER BY created_at DESC LIMIT ?[0m  [["LIMIT", 11]]

NameError - undefined local variable or method `tweeet' for #<#<Class:0x00005572edc52ff0>:0x00005572edaf3e48>
Did you mean?  @tweeets:
  app/views/tweeets/_form.html.erb:1
  app/views/tweeets/_feed.html.erb:8
  app/views/tweeets/index.html.erb:5

Started POST "/__better_errors/de920b793a89fc98/variables" for 127.0.0.1 at 2020-12-23 14:27:41 +0100
  [1m[36mTweeet Load (0.3ms)[0m  [1m[34mSELECT "tweeets".* FROM "tweeets" ORDER BY created_at DESC LIMIT ?[0m  [["LIMIT", 11]]
  [1m[36mCACHE Tweeet Load (0.1ms)[0m  [1m[34mSELECT "tweeets".* FROM "tweeets" ORDER BY created_at DESC LIMIT ?[0m  [["LIMIT", 11]]
  [1m[36mCACHE Tweeet Load (0.0ms)[0m  [1m[34mSELECT "tweeets".* FROM "tweeets" ORDER BY created_at DESC LIMIT ?[0m  [["LIMIT", 11]]
  [1m[36mCACHE Tweeet Load (0.0ms)[0m  [1m[34mSELECT "tweeets".* FROM "tweeets" ORDER BY created_at DESC LIMIT ?[0m  [["LIMIT", 11]]
  [1m[36mCACHE Tweeet Load (0.0ms)[0m  [1m[34mSELECT "tweeets".* FROM "tweeets" ORDER BY created_at DESC LIMIT ?[0m  [["LIMIT", 11]]
  [1m[36mCACHE Tweeet Load (0.0ms)[0m  [1m[34mSELECT "tweeets".* FROM "tweeets" ORDER BY created_at DESC LIMIT ?[0m  [["LIMIT", 11]]
  [1m[36mCACHE Tweeet Load (0.0ms)[0m  [1m[34mSELECT "tweeets".* FROM "tweeets" ORDER BY created_at DESC LIMIT ?[0m  [["LIMIT", 11]]
Started GET "/tweeets" for 127.0.0.1 at 2020-12-23 14:27:55 +0100
Processing by TweeetsController#index as HTML
  Rendering tweeets/index.html.erb within layouts/application
  Rendered tweeets/_trends.html.erb (Duration: 0.1ms | Allocations: 6)
  [1m[36mTweeet Load (0.3ms)[0m  [1m[34mSELECT "tweeets".* FROM "tweeets" ORDER BY created_at DESC LIMIT ?[0m  [["LIMIT", 11]]
  ↳ app/views/tweeets/_feed.html.erb:8
  [1m[36mCACHE Tweeet Load (0.0ms)[0m  [1m[34mSELECT "tweeets".* FROM "tweeets" ORDER BY created_at DESC LIMIT ?[0m  [["LIMIT", 11]]
  ↳ app/views/tweeets/_feed.html.erb:8
  [1m[36mCACHE Tweeet Load (0.0ms)[0m  [1m[34mSELECT "tweeets".* FROM "tweeets" ORDER BY created_at DESC LIMIT ?[0m  [["LIMIT", 11]]
  ↳ app/views/tweeets/_feed.html.erb:8
  [1m[36mCACHE Tweeet Load (0.0ms)[0m  [1m[34mSELECT "tweeets".* FROM "tweeets" ORDER BY created_at DESC LIMIT ?[0m  [["LIMIT", 11]]
  ↳ app/views/tweeets/_feed.html.erb:8
  [1m[36mCACHE Tweeet Load (0.0ms)[0m  [1m[34mSELECT "tweeets".* FROM "tweeets" ORDER BY created_at DESC LIMIT ?[0m  [["LIMIT", 11]]
  ↳ app/views/tweeets/_feed.html.erb:8
  [1m[36mCACHE Tweeet Load (0.0ms)[0m  [1m[34mSELECT "tweeets".* FROM "tweeets" ORDER BY created_at DESC LIMIT ?[0m  [["LIMIT", 11]]
  ↳ app/views/tweeets/_feed.html.erb:8
  [1m[36mCACHE Tweeet Load (0.1ms)[0m  [1m[34mSELECT "tweeets".* FROM "tweeets" ORDER BY created_at DESC LIMIT ?[0m  [["LIMIT", 11]]
  ↳ app/views/tweeets/_feed.html.erb:8
  [1m[36mCACHE Tweeet Load (0.0ms)[0m  [1m[34mSELECT "tweeets".* FROM "tweeets" ORDER BY created_at DESC LIMIT ?[0m  [["LIMIT", 11]]
  ↳ app/views/tweeets/_feed.html.erb:8
  [1m[36mCACHE Tweeet Load (0.0ms)[0m  [1m[34mSELECT "tweeets".* FROM "tweeets" ORDER BY created_at DESC LIMIT ?[0m  [["LIMIT", 11]]
  ↳ app/views/tweeets/_feed.html.erb:8
  [1m[36mCACHE Tweeet Load (0.0ms)[0m  [1m[34mSELECT "tweeets".* FROM "tweeets" ORDER BY created_at DESC LIMIT ?[0m  [["LIMIT", 11]]
  ↳ app/views/tweeets/_feed.html.erb:8
  [1m[36mCACHE Tweeet Load (0.0ms)[0m  [1m[34mSELECT "tweeets".* FROM "tweeets" ORDER BY created_at DESC LIMIT ?[0m  [["LIMIT", 11]]
  ↳ app/views/tweeets/_feed.html.erb:8
  [1m[36mCACHE Tweeet Load (0.0ms)[0m  [1m[34mSELECT "tweeets".* FROM "tweeets" ORDER BY created_at DESC LIMIT ?[0m  [["LIMIT", 11]]
  ↳ app/views/tweeets/_feed.html.erb:8
  [1m[36mCACHE Tweeet Load (0.0ms)[0m  [1m[34mSELECT "tweeets".* FROM "tweeets" ORDER BY created_at DESC LIMIT ?[0m  [["LIMIT", 11]]
  ↳ app/views/tweeets/_feed.html.erb:8
  [1m[36mCACHE Tweeet Load (0.0ms)[0m  [1m[34mSELECT "tweeets".* FROM "tweeets" ORDER BY created_at DESC LIMIT ?[0m  [["LIMIT", 11]]
  ↳ app/views/tweeets/_feed.html.erb:8
  [1m[36mCACHE Tweeet Load (0.0ms)[0m  [1m[34mSELECT "tweeets".* FROM "tweeets" ORDER BY created_at DESC LIMIT ?[0m  [["LIMIT", 11]]
  ↳ app/views/tweeets/_feed.html.erb:8
  [1m[36mCACHE Tweeet Load (0.0ms)[0m  [1m[34mSELECT "tweeets".* FROM "tweeets" ORDER BY created_at DESC LIMIT ?[0m  [["LIMIT", 11]]
  ↳ app/views/tweeets/_feed.html.erb:8
  [1m[36mCACHE Tweeet Load (0.0ms)[0m  [1m[34mSELECT "tweeets".* FROM "tweeets" ORDER BY created_at DESC LIMIT ?[0m  [["LIMIT", 11]]
  ↳ app/views/tweeets/_feed.html.erb:8
  [1m[36mCACHE Tweeet Load (0.0ms)[0m  [1m[34mSELECT "tweeets".* FROM "tweeets" ORDER BY created_at DESC LIMIT ?[0m  [["LIMIT", 11]]
  ↳ app/views/tweeets/_feed.html.erb:8
  [1m[36mCACHE Tweeet Load (0.0ms)[0m  [1m[34mSELECT "tweeets".* FROM "tweeets" ORDER BY created_at DESC LIMIT ?[0m  [["LIMIT", 11]]
  ↳ app/views/tweeets/_feed.html.erb:8
  [1m[36mCACHE Tweeet Load (0.0ms)[0m  [1m[34mSELECT "tweeets".* FROM "tweeets" ORDER BY created_at DESC LIMIT ?[0m  [["LIMIT", 11]]
  ↳ app/views/tweeets/_feed.html.erb:8
  [1m[36mCACHE Tweeet Load (0.0ms)[0m  [1m[34mSELECT "tweeets".* FROM "tweeets" ORDER BY created_at DESC LIMIT ?[0m  [["LIMIT", 11]]
  ↳ app/views/tweeets/_feed.html.erb:8
  [1m[36mCACHE Tweeet Load (0.0ms)[0m  [1m[34mSELECT "tweeets".* FROM "tweeets" ORDER BY created_at DESC LIMIT ?[0m  [["LIMIT", 11]]
  ↳ app/views/tweeets/_feed.html.erb:8
  [1m[36mCACHE Tweeet Load (0.0ms)[0m  [1m[34mSELECT "tweeets".* FROM "tweeets" ORDER BY created_at DESC LIMIT ?[0m  [["LIMIT", 11]]
  ↳ app/views/tweeets/_feed.html.erb:8
  [1m[36mCACHE Tweeet Load (0.0ms)[0m  [1m[34mSELECT "tweeets".* FROM "tweeets" ORDER BY created_at DESC LIMIT ?[0m  [["LIMIT", 11]]
  ↳ app/views/tweeets/_feed.html.erb:8
  [1m[36mCACHE Tweeet Load (0.0ms)[0m  [1m[34mSELECT "tweeets".* FROM "tweeets" ORDER BY created_at DESC LIMIT ?[0m  [["LIMIT", 11]]
  ↳ app/views/tweeets/_feed.html.erb:8
  [1m[36mCACHE Tweeet Load (0.0ms)[0m  [1m[34mSELECT "tweeets".* FROM "tweeets" ORDER BY created_at DESC LIMIT ?[0m  [["LIMIT", 11]]
  ↳ app/views/tweeets/_feed.html.erb:8
  [1m[36mCACHE Tweeet Load (0.0ms)[0m  [1m[34mSELECT "tweeets".* FROM "tweeets" ORDER BY created_at DESC LIMIT ?[0m  [["LIMIT", 11]]
  ↳ app/views/tweeets/_feed.html.erb:8
  [1m[36mCACHE Tweeet Load (0.0ms)[0m  [1m[34mSELECT "tweeets".* FROM "tweeets" ORDER BY created_at DESC LIMIT ?[0m  [["LIMIT", 11]]
  ↳ app/views/tweeets/_feed.html.erb:8
  [1m[36mCACHE Tweeet Load (0.0ms)[0m  [1m[34mSELECT "tweeets".* FROM "tweeets" ORDER BY created_at DESC LIMIT ?[0m  [["LIMIT", 11]]
  ↳ app/views/tweeets/_feed.html.erb:8
  [1m[36mCACHE Tweeet Load (0.0ms)[0m  [1m[34mSELECT "tweeets".* FROM "tweeets" ORDER BY created_at DESC LIMIT ?[0m  [["LIMIT", 11]]
  ↳ app/views/tweeets/_feed.html.erb:8
  [1m[36mCACHE Tweeet Load (0.0ms)[0m  [1m[34mSELECT "tweeets".* FROM "tweeets" ORDER BY created_at DESC LIMIT ?[0m  [["LIMIT", 11]]
  ↳ app/views/tweeets/_feed.html.erb:8
  [1m[36mCACHE Tweeet Load (0.0ms)[0m  [1m[34mSELECT "tweeets".* FROM "tweeets" ORDER BY created_at DESC LIMIT ?[0m  [["LIMIT", 11]]
  ↳ app/views/tweeets/_feed.html.erb:8
  [1m[36mCACHE Tweeet Load (0.0ms)[0m  [1m[34mSELECT "tweeets".* FROM "tweeets" ORDER BY created_at DESC LIMIT ?[0m  [["LIMIT", 11]]
  ↳ app/views/tweeets/_feed.html.erb:8
  [1m[36mCACHE Tweeet Load (0.0ms)[0m  [1m[34mSELECT "tweeets".* FROM "tweeets" ORDER BY created_at DESC LIMIT ?[0m  [["LIMIT", 11]]
  ↳ app/views/tweeets/_feed.html.erb:8
  [1m[36mCACHE Tweeet Load (0.0ms)[0m  [1m[34mSELECT "tweeets".* FROM "tweeets" ORDER BY created_at DESC LIMIT ?[0m  [["LIMIT", 11]]
  ↳ app/views/tweeets/_feed.html.erb:8
  [1m[36mCACHE Tweeet Load (0.0ms)[0m  [1m[34mSELECT "tweeets".* FROM "tweeets" ORDER BY created_at DESC LIMIT ?[0m  [["LIMIT", 11]]
  ↳ app/views/tweeets/_feed.html.erb:8
  [1m[36mCACHE Tweeet Load (0.0ms)[0m  [1m[34mSELECT "tweeets".* FROM "tweeets" ORDER BY created_at DESC LIMIT ?[0m  [["LIMIT", 11]]
  ↳ app/views/tweeets/_feed.html.erb:8
  [1m[36mCACHE Tweeet Load (0.0ms)[0m  [1m[34mSELECT "tweeets".* FROM "tweeets" ORDER BY created_at DESC LIMIT ?[0m  [["LIMIT", 11]]
  ↳ app/views/tweeets/_feed.html.erb:8
  [1m[36mCACHE Tweeet Load (0.0ms)[0m  [1m[34mSELECT "tweeets".* FROM "tweeets" ORDER BY created_at DESC LIMIT ?[0m  [["LIMIT", 11]]
  ↳ app/views/tweeets/_feed.html.erb:8
  [1m[36mCACHE Tweeet Load (0.0ms)[0m  [1m[34mSELECT "tweeets".* FROM "tweeets" ORDER BY created_at DESC LIMIT ?[0m  [["LIMIT", 11]]
  ↳ app/views/tweeets/_feed.html.erb:8
  [1m[36mCACHE Tweeet Load (0.0ms)[0m  [1m[34mSELECT "tweeets".* FROM "tweeets" ORDER BY created_at DESC LIMIT ?[0m  [["LIMIT", 11]]
  ↳ app/views/tweeets/_feed.html.erb:8
  [1m[36mCACHE Tweeet Load (0.0ms)[0m  [1m[34mSELECT "tweeets".* FROM "tweeets" ORDER BY created_at DESC LIMIT ?[0m  [["LIMIT", 11]]
  ↳ app/views/tweeets/_feed.html.erb:8
  [1m[36mCACHE Tweeet Load (0.0ms)[0m  [1m[34mSELECT "tweeets".* FROM "tweeets" ORDER BY created_at DESC LIMIT ?[0m  [["LIMIT", 11]]
  ↳ app/views/tweeets/_feed.html.erb:8
  [1m[36mCACHE Tweeet Load (0.0ms)[0m  [1m[34mSELECT "tweeets".* FROM "tweeets" ORDER BY created_at DESC LIMIT ?[0m  [["LIMIT", 11]]
  ↳ app/views/tweeets/_feed.html.erb:8
  [1m[36mCACHE Tweeet Load (0.0ms)[0m  [1m[34mSELECT "tweeets".* FROM "tweeets" ORDER BY created_at DESC LIMIT ?[0m  [["LIMIT", 11]]
  ↳ app/views/tweeets/_feed.html.erb:8
  [1m[36mCACHE Tweeet Load (0.0ms)[0m  [1m[34mSELECT "tweeets".* FROM "tweeets" ORDER BY created_at DESC LIMIT ?[0m  [["LIMIT", 11]]
  ↳ app/views/tweeets/_feed.html.erb:8
  [1m[36mCACHE Tweeet Load (0.0ms)[0m  [1m[34mSELECT "tweeets".* FROM "tweeets" ORDER BY created_at DESC LIMIT ?[0m  [["LIMIT", 11]]
  ↳ app/views/tweeets/_feed.html.erb:8
  [1m[36mCACHE Tweeet Load (0.0ms)[0m  [1m[34mSELECT "tweeets".* FROM "tweeets" ORDER BY created_at DESC LIMIT ?[0m  [["LIMIT", 11]]
  ↳ app/views/tweeets/_feed.html.erb:8
  [1m[36mCACHE Tweeet Load (0.0ms)[0m  [1m[34mSELECT "tweeets".* FROM "tweeets" ORDER BY created_at DESC LIMIT ?[0m  [["LIMIT", 11]]
  ↳ app/views/tweeets/_feed.html.erb:8
  [1m[36mCACHE Tweeet Load (0.0ms)[0m  [1m[34mSELECT "tweeets".* FROM "tweeets" ORDER BY created_at DESC LIMIT ?[0m  [["LIMIT", 11]]
  ↳ app/views/tweeets/_feed.html.erb:8
  [1m[36mCACHE Tweeet Load (0.0ms)[0m  [1m[34mSELECT "tweeets".* FROM "tweeets" ORDER BY created_at DESC LIMIT ?[0m  [["LIMIT", 11]]
  ↳ app/views/tweeets/_feed.html.erb:8
  [1m[36mCACHE Tweeet Load (0.0ms)[0m  [1m[34mSELECT "tweeets".* FROM "tweeets" ORDER BY created_at DESC LIMIT ?[0m  [["LIMIT", 11]]
  ↳ app/views/tweeets/_feed.html.erb:8
  [1m[36mCACHE Tweeet Load (0.0ms)[0m  [1m[34mSELECT "tweeets".* FROM "tweeets" ORDER BY created_at DESC LIMIT ?[0m  [["LIMIT", 11]]
  ↳ app/views/tweeets/_feed.html.erb:8
  [1m[36mCACHE Tweeet Load (0.0ms)[0m  [1m[34mSELECT "tweeets".* FROM "tweeets" ORDER BY created_at DESC LIMIT ?[0m  [["LIMIT", 11]]
  ↳ app/views/tweeets/_feed.html.erb:8
  [1m[36mCACHE Tweeet Load (0.0ms)[0m  [1m[34mSELECT "tweeets".* FROM "tweeets" ORDER BY created_at DESC LIMIT ?[0m  [["LIMIT", 11]]
  ↳ app/views/tweeets/_feed.html.erb:8
  [1m[36mCACHE Tweeet Load (0.0ms)[0m  [1m[34mSELECT "tweeets".* FROM "tweeets" ORDER BY created_at DESC LIMIT ?[0m  [["LIMIT", 11]]
  ↳ app/views/tweeets/_feed.html.erb:8
  [1m[36mCACHE Tweeet Load (0.0ms)[0m  [1m[34mSELECT "tweeets".* FROM "tweeets" ORDER BY created_at DESC LIMIT ?[0m  [["LIMIT", 11]]
  ↳ app/views/tweeets/_feed.html.erb:8
  [1m[36mCACHE Tweeet Load (0.0ms)[0m  [1m[34mSELECT "tweeets".* FROM "tweeets" ORDER BY created_at DESC LIMIT ?[0m  [["LIMIT", 11]]
  ↳ app/views/tweeets/_feed.html.erb:8
  [1m[36mCACHE Tweeet Load (0.0ms)[0m  [1m[34mSELECT "tweeets".* FROM "tweeets" ORDER BY created_at DESC LIMIT ?[0m  [["LIMIT", 11]]
  ↳ app/views/tweeets/_feed.html.erb:8
  [1m[36mCACHE Tweeet Load (0.0ms)[0m  [1m[34mSELECT "tweeets".* FROM "tweeets" ORDER BY created_at DESC LIMIT ?[0m  [["LIMIT", 11]]
  ↳ app/views/tweeets/_feed.html.erb:8
  [1m[36mCACHE Tweeet Load (0.0ms)[0m  [1m[34mSELECT "tweeets".* FROM "tweeets" ORDER BY created_at DESC LIMIT ?[0m  [["LIMIT", 11]]
  ↳ app/views/tweeets/_feed.html.erb:8
  [1m[36mCACHE Tweeet Load (0.0ms)[0m  [1m[34mSELECT "tweeets".* FROM "tweeets" ORDER BY created_at DESC LIMIT ?[0m  [["LIMIT", 11]]
  ↳ app/views/tweeets/_feed.html.erb:8
  [1m[36mCACHE Tweeet Load (0.0ms)[0m  [1m[34mSELECT "tweeets".* FROM "tweeets" ORDER BY created_at DESC LIMIT ?[0m  [["LIMIT", 11]]
  ↳ app/views/tweeets/_feed.html.erb:8
  [1m[36mCACHE Tweeet Load (0.0ms)[0m  [1m[34mSELECT "tweeets".* FROM "tweeets" ORDER BY created_at DESC LIMIT ?[0m  [["LIMIT", 11]]
  ↳ app/views/tweeets/_feed.html.erb:8
  [1m[36mCACHE Tweeet Load (0.0ms)[0m  [1m[34mSELECT "tweeets".* FROM "tweeets" ORDER BY created_at DESC LIMIT ?[0m  [["LIMIT", 11]]
  ↳ app/views/tweeets/_feed.html.erb:8
  [1m[36mCACHE Tweeet Load (0.0ms)[0m  [1m[34mSELECT "tweeets".* FROM "tweeets" ORDER BY created_at DESC LIMIT ?[0m  [["LIMIT", 11]]
  ↳ app/views/tweeets/_feed.html.erb:8
  [1m[36mCACHE Tweeet Load (0.0ms)[0m  [1m[34mSELECT "tweeets".* FROM "tweeets" ORDER BY created_at DESC LIMIT ?[0m  [["LIMIT", 11]]
  ↳ app/views/tweeets/_feed.html.erb:8
  [1m[36mCACHE Tweeet Load (0.0ms)[0m  [1m[34mSELECT "tweeets".* FROM "tweeets" ORDER BY created_at DESC LIMIT ?[0m  [["LIMIT", 11]]
  ↳ app/views/tweeets/_feed.html.erb:8
  Rendered tweeets/_form.html.erb (Duration: 447.3ms | Allocations: 254222)
  Rendered tweeets/_feed.html.erb (Duration: 447.6ms | Allocations: 254288)
  Rendered tweeets/index.html.erb within layouts/application (Duration: 448.3ms | Allocations: 254411)
Completed 500 Internal Server Error in 450ms (ActiveRecord: 1.9ms | Allocations: 254866)


  [1m[36mCACHE Tweeet Load (0.0ms)[0m  [1m[34mSELECT "tweeets".* FROM "tweeets" ORDER BY created_at DESC LIMIT ?[0m  [["LIMIT", 11]]
  [1m[36mCACHE Tweeet Load (0.0ms)[0m  [1m[34mSELECT "tweeets".* FROM "tweeets" ORDER BY created_at DESC LIMIT ?[0m  [["LIMIT", 11]]
  [1m[36mCACHE Tweeet Load (0.0ms)[0m  [1m[34mSELECT "tweeets".* FROM "tweeets" ORDER BY created_at DESC LIMIT ?[0m  [["LIMIT", 11]]
  [1m[36mCACHE Tweeet Load (0.0ms)[0m  [1m[34mSELECT "tweeets".* FROM "tweeets" ORDER BY created_at DESC LIMIT ?[0m  [["LIMIT", 11]]
  [1m[36mCACHE Tweeet Load (0.0ms)[0m  [1m[34mSELECT "tweeets".* FROM "tweeets" ORDER BY created_at DESC LIMIT ?[0m  [["LIMIT", 11]]
  [1m[36mCACHE Tweeet Load (0.0ms)[0m  [1m[34mSELECT "tweeets".* FROM "tweeets" ORDER BY created_at DESC LIMIT ?[0m  [["LIMIT", 11]]
  [1m[36mCACHE Tweeet Load (0.0ms)[0m  [1m[34mSELECT "tweeets".* FROM "tweeets" ORDER BY created_at DESC LIMIT ?[0m  [["LIMIT", 11]]
  [1m[36mCACHE Tweeet Load (0.0ms)[0m  [1m[34mSELECT "tweeets".* FROM "tweeets" ORDER BY created_at DESC LIMIT ?[0m  [["LIMIT", 11]]
  [1m[36mCACHE Tweeet Load (0.0ms)[0m  [1m[34mSELECT "tweeets".* FROM "tweeets" ORDER BY created_at DESC LIMIT ?[0m  [["LIMIT", 11]]
  [1m[36mCACHE Tweeet Load (0.0ms)[0m  [1m[34mSELECT "tweeets".* FROM "tweeets" ORDER BY created_at DESC LIMIT ?[0m  [["LIMIT", 11]]
  [1m[36mCACHE Tweeet Load (0.0ms)[0m  [1m[34mSELECT "tweeets".* FROM "tweeets" ORDER BY created_at DESC LIMIT ?[0m  [["LIMIT", 11]]
  [1m[36mCACHE Tweeet Load (0.0ms)[0m  [1m[34mSELECT "tweeets".* FROM "tweeets" ORDER BY created_at DESC LIMIT ?[0m  [["LIMIT", 11]]
  [1m[36mCACHE Tweeet Load (0.0ms)[0m  [1m[34mSELECT "tweeets".* FROM "tweeets" ORDER BY created_at DESC LIMIT ?[0m  [["LIMIT", 11]]
  [1m[36mCACHE Tweeet Load (0.0ms)[0m  [1m[34mSELECT "tweeets".* FROM "tweeets" ORDER BY created_at DESC LIMIT ?[0m  [["LIMIT", 11]]
  [1m[36mCACHE Tweeet Load (0.0ms)[0m  [1m[34mSELECT "tweeets".* FROM "tweeets" ORDER BY created_at DESC LIMIT ?[0m  [["LIMIT", 11]]
  [1m[36mCACHE Tweeet Load (0.0ms)[0m  [1m[34mSELECT "tweeets".* FROM "tweeets" ORDER BY created_at DESC LIMIT ?[0m  [["LIMIT", 11]]
  [1m[36mCACHE Tweeet Load (0.0ms)[0m  [1m[34mSELECT "tweeets".* FROM "tweeets" ORDER BY created_at DESC LIMIT ?[0m  [["LIMIT", 11]]
  [1m[36mCACHE Tweeet Load (0.0ms)[0m  [1m[34mSELECT "tweeets".* FROM "tweeets" ORDER BY created_at DESC LIMIT ?[0m  [["LIMIT", 11]]
  [1m[36mCACHE Tweeet Load (0.0ms)[0m  [1m[34mSELECT "tweeets".* FROM "tweeets" ORDER BY created_at DESC LIMIT ?[0m  [["LIMIT", 11]]
  [1m[36mCACHE Tweeet Load (0.0ms)[0m  [1m[34mSELECT "tweeets".* FROM "tweeets" ORDER BY created_at DESC LIMIT ?[0m  [["LIMIT", 11]]
  [1m[36mCACHE Tweeet Load (0.0ms)[0m  [1m[34mSELECT "tweeets".* FROM "tweeets" ORDER BY created_at DESC LIMIT ?[0m  [["LIMIT", 11]]
  [1m[36mCACHE Tweeet Load (0.0ms)[0m  [1m[34mSELECT "tweeets".* FROM "tweeets" ORDER BY created_at DESC LIMIT ?[0m  [["LIMIT", 11]]
  [1m[36mCACHE Tweeet Load (0.0ms)[0m  [1m[34mSELECT "tweeets".* FROM "tweeets" ORDER BY created_at DESC LIMIT ?[0m  [["LIMIT", 11]]
  [1m[36mCACHE Tweeet Load (0.0ms)[0m  [1m[34mSELECT "tweeets".* FROM "tweeets" ORDER BY created_at DESC LIMIT ?[0m  [["LIMIT", 11]]
  [1m[36mCACHE Tweeet Load (0.0ms)[0m  [1m[34mSELECT "tweeets".* FROM "tweeets" ORDER BY created_at DESC LIMIT ?[0m  [["LIMIT", 11]]
  [1m[36mCACHE Tweeet Load (0.0ms)[0m  [1m[34mSELECT "tweeets".* FROM "tweeets" ORDER BY created_at DESC LIMIT ?[0m  [["LIMIT", 11]]
  [1m[36mCACHE Tweeet Load (0.0ms)[0m  [1m[34mSELECT "tweeets".* FROM "tweeets" ORDER BY created_at DESC LIMIT ?[0m  [["LIMIT", 11]]
  [1m[36mCACHE Tweeet Load (0.0ms)[0m  [1m[34mSELECT "tweeets".* FROM "tweeets" ORDER BY created_at DESC LIMIT ?[0m  [["LIMIT", 11]]
  [1m[36mCACHE Tweeet Load (0.0ms)[0m  [1m[34mSELECT "tweeets".* FROM "tweeets" ORDER BY created_at DESC LIMIT ?[0m  [["LIMIT", 11]]
  [1m[36mCACHE Tweeet Load (0.0ms)[0m  [1m[34mSELECT "tweeets".* FROM "tweeets" ORDER BY created_at DESC LIMIT ?[0m  [["LIMIT", 11]]
  [1m[36mCACHE Tweeet Load (0.0ms)[0m  [1m[34mSELECT "tweeets".* FROM "tweeets" ORDER BY created_at DESC LIMIT ?[0m  [["LIMIT", 11]]
  [1m[36mCACHE Tweeet Load (0.0ms)[0m  [1m[34mSELECT "tweeets".* FROM "tweeets" ORDER BY created_at DESC LIMIT ?[0m  [["LIMIT", 11]]
  [1m[36mCACHE Tweeet Load (0.0ms)[0m  [1m[34mSELECT "tweeets".* FROM "tweeets" ORDER BY created_at DESC LIMIT ?[0m  [["LIMIT", 11]]
  [1m[36mCACHE Tweeet Load (0.0ms)[0m  [1m[34mSELECT "tweeets".* FROM "tweeets" ORDER BY created_at DESC LIMIT ?[0m  [["LIMIT", 11]]
  [1m[36mCACHE Tweeet Load (0.0ms)[0m  [1m[34mSELECT "tweeets".* FROM "tweeets" ORDER BY created_at DESC LIMIT ?[0m  [["LIMIT", 11]]
  [1m[36mCACHE Tweeet Load (0.0ms)[0m  [1m[34mSELECT "tweeets".* FROM "tweeets" ORDER BY created_at DESC LIMIT ?[0m  [["LIMIT", 11]]
  [1m[36mCACHE Tweeet Load (0.0ms)[0m  [1m[34mSELECT "tweeets".* FROM "tweeets" ORDER BY created_at DESC LIMIT ?[0m  [["LIMIT", 11]]
  [1m[36mCACHE Tweeet Load (0.0ms)[0m  [1m[34mSELECT "tweeets".* FROM "tweeets" ORDER BY created_at DESC LIMIT ?[0m  [["LIMIT", 11]]
  [1m[36mCACHE Tweeet Load (0.0ms)[0m  [1m[34mSELECT "tweeets".* FROM "tweeets" ORDER BY created_at DESC LIMIT ?[0m  [["LIMIT", 11]]
  [1m[36mCACHE Tweeet Load (0.0ms)[0m  [1m[34mSELECT "tweeets".* FROM "tweeets" ORDER BY created_at DESC LIMIT ?[0m  [["LIMIT", 11]]
  [1m[36mCACHE Tweeet Load (0.0ms)[0m  [1m[34mSELECT "tweeets".* FROM "tweeets" ORDER BY created_at DESC LIMIT ?[0m  [["LIMIT", 11]]
  [1m[36mCACHE Tweeet Load (0.0ms)[0m  [1m[34mSELECT "tweeets".* FROM "tweeets" ORDER BY created_at DESC LIMIT ?[0m  [["LIMIT", 11]]
  [1m[36mCACHE Tweeet Load (0.0ms)[0m  [1m[34mSELECT "tweeets".* FROM "tweeets" ORDER BY created_at DESC LIMIT ?[0m  [["LIMIT", 11]]
  [1m[36mCACHE Tweeet Load (0.0ms)[0m  [1m[34mSELECT "tweeets".* FROM "tweeets" ORDER BY created_at DESC LIMIT ?[0m  [["LIMIT", 11]]
  [1m[36mCACHE Tweeet Load (0.0ms)[0m  [1m[34mSELECT "tweeets".* FROM "tweeets" ORDER BY created_at DESC LIMIT ?[0m  [["LIMIT", 11]]
  [1m[36mCACHE Tweeet Load (0.0ms)[0m  [1m[34mSELECT "tweeets".* FROM "tweeets" ORDER BY created_at DESC LIMIT ?[0m  [["LIMIT", 11]]
  [1m[36mCACHE Tweeet Load (0.0ms)[0m  [1m[34mSELECT "tweeets".* FROM "tweeets" ORDER BY created_at DESC LIMIT ?[0m  [["LIMIT", 11]]
  [1m[36mCACHE Tweeet Load (0.0ms)[0m  [1m[34mSELECT "tweeets".* FROM "tweeets" ORDER BY created_at DESC LIMIT ?[0m  [["LIMIT", 11]]
  [1m[36mCACHE Tweeet Load (0.0ms)[0m  [1m[34mSELECT "tweeets".* FROM "tweeets" ORDER BY created_at DESC LIMIT ?[0m  [["LIMIT", 11]]
  [1m[36mCACHE Tweeet Load (0.0ms)[0m  [1m[34mSELECT "tweeets".* FROM "tweeets" ORDER BY created_at DESC LIMIT ?[0m  [["LIMIT", 11]]
  [1m[36mCACHE Tweeet Load (0.0ms)[0m  [1m[34mSELECT "tweeets".* FROM "tweeets" ORDER BY created_at DESC LIMIT ?[0m  [["LIMIT", 11]]
  [1m[36mCACHE Tweeet Load (0.0ms)[0m  [1m[34mSELECT "tweeets".* FROM "tweeets" ORDER BY created_at DESC LIMIT ?[0m  [["LIMIT", 11]]
  [1m[36mCACHE Tweeet Load (0.0ms)[0m  [1m[34mSELECT "tweeets".* FROM "tweeets" ORDER BY created_at DESC LIMIT ?[0m  [["LIMIT", 11]]
  [1m[36mCACHE Tweeet Load (0.0ms)[0m  [1m[34mSELECT "tweeets".* FROM "tweeets" ORDER BY created_at DESC LIMIT ?[0m  [["LIMIT", 11]]
  [1m[36mCACHE Tweeet Load (0.0ms)[0m  [1m[34mSELECT "tweeets".* FROM "tweeets" ORDER BY created_at DESC LIMIT ?[0m  [["LIMIT", 11]]
  [1m[36mCACHE Tweeet Load (0.0ms)[0m  [1m[34mSELECT "tweeets".* FROM "tweeets" ORDER BY created_at DESC LIMIT ?[0m  [["LIMIT", 11]]
  [1m[36mCACHE Tweeet Load (0.0ms)[0m  [1m[34mSELECT "tweeets".* FROM "tweeets" ORDER BY created_at DESC LIMIT ?[0m  [["LIMIT", 11]]
  [1m[36mCACHE Tweeet Load (0.0ms)[0m  [1m[34mSELECT "tweeets".* FROM "tweeets" ORDER BY created_at DESC LIMIT ?[0m  [["LIMIT", 11]]
  [1m[36mCACHE Tweeet Load (0.0ms)[0m  [1m[34mSELECT "tweeets".* FROM "tweeets" ORDER BY created_at DESC LIMIT ?[0m  [["LIMIT", 11]]
  [1m[36mCACHE Tweeet Load (0.0ms)[0m  [1m[34mSELECT "tweeets".* FROM "tweeets" ORDER BY created_at DESC LIMIT ?[0m  [["LIMIT", 11]]
  [1m[36mCACHE Tweeet Load (0.0ms)[0m  [1m[34mSELECT "tweeets".* FROM "tweeets" ORDER BY created_at DESC LIMIT ?[0m  [["LIMIT", 11]]
  [1m[36mCACHE Tweeet Load (0.0ms)[0m  [1m[34mSELECT "tweeets".* FROM "tweeets" ORDER BY created_at DESC LIMIT ?[0m  [["LIMIT", 11]]
  [1m[36mCACHE Tweeet Load (0.0ms)[0m  [1m[34mSELECT "tweeets".* FROM "tweeets" ORDER BY created_at DESC LIMIT ?[0m  [["LIMIT", 11]]
  [1m[36mCACHE Tweeet Load (0.0ms)[0m  [1m[34mSELECT "tweeets".* FROM "tweeets" ORDER BY created_at DESC LIMIT ?[0m  [["LIMIT", 11]]
  [1m[36mCACHE Tweeet Load (0.0ms)[0m  [1m[34mSELECT "tweeets".* FROM "tweeets" ORDER BY created_at DESC LIMIT ?[0m  [["LIMIT", 11]]
  [1m[36mCACHE Tweeet Load (0.0ms)[0m  [1m[34mSELECT "tweeets".* FROM "tweeets" ORDER BY created_at DESC LIMIT ?[0m  [["LIMIT", 11]]
  [1m[36mCACHE Tweeet Load (0.0ms)[0m  [1m[34mSELECT "tweeets".* FROM "tweeets" ORDER BY created_at DESC LIMIT ?[0m  [["LIMIT", 11]]
  [1m[36mCACHE Tweeet Load (0.0ms)[0m  [1m[34mSELECT "tweeets".* FROM "tweeets" ORDER BY created_at DESC LIMIT ?[0m  [["LIMIT", 11]]

NameError - undefined local variable or method `tweeet' for #<#<Class:0x00005572edc52ff0>:0x00005572eec6a4d8>
Did you mean?  @tweeets:
  app/views/tweeets/_form.html.erb:1
  app/views/tweeets/_feed.html.erb:8
  app/views/tweeets/index.html.erb:5

Started POST "/__better_errors/6b472c0ca392282a/variables" for 127.0.0.1 at 2020-12-23 14:27:56 +0100
  [1m[36mTweeet Load (0.3ms)[0m  [1m[34mSELECT "tweeets".* FROM "tweeets" ORDER BY created_at DESC LIMIT ?[0m  [["LIMIT", 11]]
  [1m[36mCACHE Tweeet Load (0.0ms)[0m  [1m[34mSELECT "tweeets".* FROM "tweeets" ORDER BY created_at DESC LIMIT ?[0m  [["LIMIT", 11]]
  [1m[36mCACHE Tweeet Load (0.0ms)[0m  [1m[34mSELECT "tweeets".* FROM "tweeets" ORDER BY created_at DESC LIMIT ?[0m  [["LIMIT", 11]]
  [1m[36mCACHE Tweeet Load (0.0ms)[0m  [1m[34mSELECT "tweeets".* FROM "tweeets" ORDER BY created_at DESC LIMIT ?[0m  [["LIMIT", 11]]
  [1m[36mCACHE Tweeet Load (0.0ms)[0m  [1m[34mSELECT "tweeets".* FROM "tweeets" ORDER BY created_at DESC LIMIT ?[0m  [["LIMIT", 11]]
  [1m[36mCACHE Tweeet Load (0.1ms)[0m  [1m[34mSELECT "tweeets".* FROM "tweeets" ORDER BY created_at DESC LIMIT ?[0m  [["LIMIT", 11]]
  [1m[36mCACHE Tweeet Load (0.0ms)[0m  [1m[34mSELECT "tweeets".* FROM "tweeets" ORDER BY created_at DESC LIMIT ?[0m  [["LIMIT", 11]]
Started GET "/tweeets" for 127.0.0.1 at 2020-12-23 14:28:11 +0100
Processing by TweeetsController#index as HTML
  Rendering tweeets/index.html.erb within layouts/application
  Rendered tweeets/_trends.html.erb (Duration: 0.3ms | Allocations: 87)
  Rendered tweeets/_feed.html.erb (Duration: 2.3ms | Allocations: 1725)
  Rendered tweeets/index.html.erb within layouts/application (Duration: 4.7ms | Allocations: 2342)
Completed 500 Internal Server Error in 9ms (ActiveRecord: 0.0ms | Allocations: 3529)



ActionView::MissingTemplate - Missing partial Tweeets/_form with {:locale=>[:en], :formats=>[:html], :variants=>[], :handlers=>[:raw, :erb, :html, :builder, :ruby, :jbuilder]}. Searched in:
  * "/home/benjamin/Twitter/app/views"
  * "/home/benjamin/gems/gems/actiontext-6.0.3.4/app/views"
  * "/home/benjamin/gems/gems/actionmailbox-6.0.3.4/app/views":
  app/views/tweeets/_feed.html.erb:8
  app/views/tweeets/index.html.erb:5

Started POST "/__better_errors/5a545d681608bcb6/variables" for 127.0.0.1 at 2020-12-23 14:28:11 +0100
  [1m[36mTweeet Load (0.2ms)[0m  [1m[34mSELECT "tweeets".* FROM "tweeets" ORDER BY created_at DESC LIMIT ?[0m  [["LIMIT", 11]]
Started GET "/tweeets" for 127.0.0.1 at 2020-12-23 14:28:19 +0100
Processing by TweeetsController#index as HTML
  Rendering tweeets/index.html.erb within layouts/application
  Rendered tweeets/_trends.html.erb (Duration: 0.3ms | Allocations: 87)
  [1m[36mTweeet Load (0.2ms)[0m  [1m[34mSELECT "tweeets".* FROM "tweeets" ORDER BY created_at DESC LIMIT ?[0m  [["LIMIT", 11]]
  ↳ app/views/tweeets/_feed.html.erb:8
  [1m[36mCACHE Tweeet Load (0.0ms)[0m  [1m[34mSELECT "tweeets".* FROM "tweeets" ORDER BY created_at DESC LIMIT ?[0m  [["LIMIT", 11]]
  ↳ app/views/tweeets/_feed.html.erb:8
  [1m[36mCACHE Tweeet Load (0.1ms)[0m  [1m[34mSELECT "tweeets".* FROM "tweeets" ORDER BY created_at DESC LIMIT ?[0m  [["LIMIT", 11]]
  ↳ app/views/tweeets/_feed.html.erb:8
  [1m[36mCACHE Tweeet Load (0.0ms)[0m  [1m[34mSELECT "tweeets".* FROM "tweeets" ORDER BY created_at DESC LIMIT ?[0m  [["LIMIT", 11]]
  ↳ app/views/tweeets/_feed.html.erb:8
  [1m[36mCACHE Tweeet Load (0.0ms)[0m  [1m[34mSELECT "tweeets".* FROM "tweeets" ORDER BY created_at DESC LIMIT ?[0m  [["LIMIT", 11]]
  ↳ app/views/tweeets/_feed.html.erb:8
  [1m[36mCACHE Tweeet Load (0.0ms)[0m  [1m[34mSELECT "tweeets".* FROM "tweeets" ORDER BY created_at DESC LIMIT ?[0m  [["LIMIT", 11]]
  ↳ app/views/tweeets/_feed.html.erb:8
  [1m[36mCACHE Tweeet Load (0.0ms)[0m  [1m[34mSELECT "tweeets".* FROM "tweeets" ORDER BY created_at DESC LIMIT ?[0m  [["LIMIT", 11]]
  ↳ app/views/tweeets/_feed.html.erb:8
  [1m[36mCACHE Tweeet Load (0.0ms)[0m  [1m[34mSELECT "tweeets".* FROM "tweeets" ORDER BY created_at DESC LIMIT ?[0m  [["LIMIT", 11]]
  ↳ app/views/tweeets/_feed.html.erb:8
  [1m[36mCACHE Tweeet Load (0.0ms)[0m  [1m[34mSELECT "tweeets".* FROM "tweeets" ORDER BY created_at DESC LIMIT ?[0m  [["LIMIT", 11]]
  ↳ app/views/tweeets/_feed.html.erb:8
  [1m[36mCACHE Tweeet Load (0.0ms)[0m  [1m[34mSELECT "tweeets".* FROM "tweeets" ORDER BY created_at DESC LIMIT ?[0m  [["LIMIT", 11]]
  ↳ app/views/tweeets/_feed.html.erb:8
  [1m[36mCACHE Tweeet Load (0.0ms)[0m  [1m[34mSELECT "tweeets".* FROM "tweeets" ORDER BY created_at DESC LIMIT ?[0m  [["LIMIT", 11]]
  ↳ app/views/tweeets/_feed.html.erb:8
  [1m[36mCACHE Tweeet Load (0.0ms)[0m  [1m[34mSELECT "tweeets".* FROM "tweeets" ORDER BY created_at DESC LIMIT ?[0m  [["LIMIT", 11]]
  ↳ app/views/tweeets/_feed.html.erb:8
  [1m[36mCACHE Tweeet Load (0.0ms)[0m  [1m[34mSELECT "tweeets".* FROM "tweeets" ORDER BY created_at DESC LIMIT ?[0m  [["LIMIT", 11]]
  ↳ app/views/tweeets/_feed.html.erb:8
  [1m[36mCACHE Tweeet Load (0.0ms)[0m  [1m[34mSELECT "tweeets".* FROM "tweeets" ORDER BY created_at DESC LIMIT ?[0m  [["LIMIT", 11]]
  ↳ app/views/tweeets/_feed.html.erb:8
  [1m[36mCACHE Tweeet Load (0.1ms)[0m  [1m[34mSELECT "tweeets".* FROM "tweeets" ORDER BY created_at DESC LIMIT ?[0m  [["LIMIT", 11]]
  ↳ app/views/tweeets/_feed.html.erb:8
  [1m[36mCACHE Tweeet Load (0.0ms)[0m  [1m[34mSELECT "tweeets".* FROM "tweeets" ORDER BY created_at DESC LIMIT ?[0m  [["LIMIT", 11]]
  ↳ app/views/tweeets/_feed.html.erb:8
  [1m[36mCACHE Tweeet Load (0.0ms)[0m  [1m[34mSELECT "tweeets".* FROM "tweeets" ORDER BY created_at DESC LIMIT ?[0m  [["LIMIT", 11]]
  ↳ app/views/tweeets/_feed.html.erb:8
  [1m[36mCACHE Tweeet Load (0.0ms)[0m  [1m[34mSELECT "tweeets".* FROM "tweeets" ORDER BY created_at DESC LIMIT ?[0m  [["LIMIT", 11]]
  ↳ app/views/tweeets/_feed.html.erb:8
  [1m[36mCACHE Tweeet Load (0.0ms)[0m  [1m[34mSELECT "tweeets".* FROM "tweeets" ORDER BY created_at DESC LIMIT ?[0m  [["LIMIT", 11]]
  ↳ app/views/tweeets/_feed.html.erb:8
  [1m[36mCACHE Tweeet Load (0.0ms)[0m  [1m[34mSELECT "tweeets".* FROM "tweeets" ORDER BY created_at DESC LIMIT ?[0m  [["LIMIT", 11]]
  ↳ app/views/tweeets/_feed.html.erb:8
  Rendered tweeets/_form.html.erb (Duration: 314.0ms | Allocations: 174240)
  Rendered tweeets/_feed.html.erb (Duration: 315.1ms | Allocations: 174739)
  Rendered tweeets/index.html.erb within layouts/application (Duration: 317.3ms | Allocations: 175346)
Completed 500 Internal Server Error in 321ms (ActiveRecord: 0.7ms | Allocations: 176528)


  [1m[36mCACHE Tweeet Load (0.0ms)[0m  [1m[34mSELECT "tweeets".* FROM "tweeets" ORDER BY created_at DESC LIMIT ?[0m  [["LIMIT", 11]]
  [1m[36mCACHE Tweeet Load (0.0ms)[0m  [1m[34mSELECT "tweeets".* FROM "tweeets" ORDER BY created_at DESC LIMIT ?[0m  [["LIMIT", 11]]
  [1m[36mCACHE Tweeet Load (0.0ms)[0m  [1m[34mSELECT "tweeets".* FROM "tweeets" ORDER BY created_at DESC LIMIT ?[0m  [["LIMIT", 11]]
  [1m[36mCACHE Tweeet Load (0.0ms)[0m  [1m[34mSELECT "tweeets".* FROM "tweeets" ORDER BY created_at DESC LIMIT ?[0m  [["LIMIT", 11]]
  [1m[36mCACHE Tweeet Load (0.0ms)[0m  [1m[34mSELECT "tweeets".* FROM "tweeets" ORDER BY created_at DESC LIMIT ?[0m  [["LIMIT", 11]]
  [1m[36mCACHE Tweeet Load (0.0ms)[0m  [1m[34mSELECT "tweeets".* FROM "tweeets" ORDER BY created_at DESC LIMIT ?[0m  [["LIMIT", 11]]
  [1m[36mCACHE Tweeet Load (0.0ms)[0m  [1m[34mSELECT "tweeets".* FROM "tweeets" ORDER BY created_at DESC LIMIT ?[0m  [["LIMIT", 11]]
  [1m[36mCACHE Tweeet Load (0.0ms)[0m  [1m[34mSELECT "tweeets".* FROM "tweeets" ORDER BY created_at DESC LIMIT ?[0m  [["LIMIT", 11]]
  [1m[36mCACHE Tweeet Load (0.0ms)[0m  [1m[34mSELECT "tweeets".* FROM "tweeets" ORDER BY created_at DESC LIMIT ?[0m  [["LIMIT", 11]]
  [1m[36mCACHE Tweeet Load (0.0ms)[0m  [1m[34mSELECT "tweeets".* FROM "tweeets" ORDER BY created_at DESC LIMIT ?[0m  [["LIMIT", 11]]
  [1m[36mCACHE Tweeet Load (0.0ms)[0m  [1m[34mSELECT "tweeets".* FROM "tweeets" ORDER BY created_at DESC LIMIT ?[0m  [["LIMIT", 11]]
  [1m[36mCACHE Tweeet Load (0.0ms)[0m  [1m[34mSELECT "tweeets".* FROM "tweeets" ORDER BY created_at DESC LIMIT ?[0m  [["LIMIT", 11]]
  [1m[36mCACHE Tweeet Load (0.0ms)[0m  [1m[34mSELECT "tweeets".* FROM "tweeets" ORDER BY created_at DESC LIMIT ?[0m  [["LIMIT", 11]]
  [1m[36mCACHE Tweeet Load (0.0ms)[0m  [1m[34mSELECT "tweeets".* FROM "tweeets" ORDER BY created_at DESC LIMIT ?[0m  [["LIMIT", 11]]
  [1m[36mCACHE Tweeet Load (0.0ms)[0m  [1m[34mSELECT "tweeets".* FROM "tweeets" ORDER BY created_at DESC LIMIT ?[0m  [["LIMIT", 11]]
  [1m[36mCACHE Tweeet Load (0.0ms)[0m  [1m[34mSELECT "tweeets".* FROM "tweeets" ORDER BY created_at DESC LIMIT ?[0m  [["LIMIT", 11]]
  [1m[36mCACHE Tweeet Load (0.0ms)[0m  [1m[34mSELECT "tweeets".* FROM "tweeets" ORDER BY created_at DESC LIMIT ?[0m  [["LIMIT", 11]]
  [1m[36mCACHE Tweeet Load (0.0ms)[0m  [1m[34mSELECT "tweeets".* FROM "tweeets" ORDER BY created_at DESC LIMIT ?[0m  [["LIMIT", 11]]
  [1m[36mCACHE Tweeet Load (0.0ms)[0m  [1m[34mSELECT "tweeets".* FROM "tweeets" ORDER BY created_at DESC LIMIT ?[0m  [["LIMIT", 11]]
  [1m[36mCACHE Tweeet Load (0.0ms)[0m  [1m[34mSELECT "tweeets".* FROM "tweeets" ORDER BY created_at DESC LIMIT ?[0m  [["LIMIT", 11]]

NameError - undefined local variable or method `tweeet' for #<#<Class:0x00005572eec99b20>:0x00005572eec4df90>
Did you mean?  @tweeets:
  app/views/tweeets/_form.html.erb:1
  app/views/tweeets/_feed.html.erb:8
  app/views/tweeets/index.html.erb:5

Started POST "/__better_errors/6221df1e76e29af7/variables" for 127.0.0.1 at 2020-12-23 14:28:20 +0100
  [1m[36mTweeet Load (0.4ms)[0m  [1m[34mSELECT "tweeets".* FROM "tweeets" ORDER BY created_at DESC LIMIT ?[0m  [["LIMIT", 11]]
  [1m[36mCACHE Tweeet Load (0.0ms)[0m  [1m[34mSELECT "tweeets".* FROM "tweeets" ORDER BY created_at DESC LIMIT ?[0m  [["LIMIT", 11]]
  [1m[36mCACHE Tweeet Load (0.0ms)[0m  [1m[34mSELECT "tweeets".* FROM "tweeets" ORDER BY created_at DESC LIMIT ?[0m  [["LIMIT", 11]]
  [1m[36mCACHE Tweeet Load (0.0ms)[0m  [1m[34mSELECT "tweeets".* FROM "tweeets" ORDER BY created_at DESC LIMIT ?[0m  [["LIMIT", 11]]
  [1m[36mCACHE Tweeet Load (0.0ms)[0m  [1m[34mSELECT "tweeets".* FROM "tweeets" ORDER BY created_at DESC LIMIT ?[0m  [["LIMIT", 11]]
  [1m[36mCACHE Tweeet Load (0.0ms)[0m  [1m[34mSELECT "tweeets".* FROM "tweeets" ORDER BY created_at DESC LIMIT ?[0m  [["LIMIT", 11]]
  [1m[36mCACHE Tweeet Load (0.0ms)[0m  [1m[34mSELECT "tweeets".* FROM "tweeets" ORDER BY created_at DESC LIMIT ?[0m  [["LIMIT", 11]]
Started GET "/tweeets" for 127.0.0.1 at 2020-12-23 14:32:05 +0100
Processing by TweeetsController#index as HTML
  Rendering tweeets/index.html.erb within layouts/application
  Rendered tweeets/_trends.html.erb (Duration: 0.3ms | Allocations: 87)
  Rendered tweeets/_form.html.erb (Duration: 1.1ms | Allocations: 1383)
  Rendered tweeets/_feed.html.erb (Duration: 3.3ms | Allocations: 1882)
  Rendered tweeets/index.html.erb within layouts/application (Duration: 5.4ms | Allocations: 2497)
Completed 500 Internal Server Error in 8ms (ActiveRecord: 0.0ms | Allocations: 3685)



ActionView::SyntaxErrorInTemplate - Encountered a syntax error while rendering template: check <%= simple_form_for(@tweeet) do |f| %>
<%= f.error_notifications %>
<div class="field">
  <div class="control">
    <%= f.input : tweeet,label : "Tweet about it", input_html:{ class: "textare" },wrapper:false,label_html: {class: "label"},placeholder
    : "compose a new tweet..." %>
  </div>
</div>
<%= f.button :submit , class:"button is-info" %>
<%end %>:
  app/views/tweeets/_feed.html.erb:8
  app/views/tweeets/index.html.erb:5

Started POST "/__better_errors/7e79badd0520f927/variables" for 127.0.0.1 at 2020-12-23 14:32:05 +0100
  [1m[36mTweeet Load (0.3ms)[0m  [1m[34mSELECT "tweeets".* FROM "tweeets" ORDER BY created_at DESC LIMIT ?[0m  [["LIMIT", 11]]
Started GET "/tweeets" for 127.0.0.1 at 2020-12-23 14:32:07 +0100
Processing by TweeetsController#index as HTML
  Rendering tweeets/index.html.erb within layouts/application
  Rendered tweeets/_trends.html.erb (Duration: 0.0ms | Allocations: 6)
  Rendered tweeets/_form.html.erb (Duration: 1.2ms | Allocations: 1367)
  Rendered tweeets/_feed.html.erb (Duration: 1.5ms | Allocations: 1433)
  Rendered tweeets/index.html.erb within layouts/application (Duration: 2.0ms | Allocations: 1557)
Completed 500 Internal Server Error in 5ms (ActiveRecord: 0.0ms | Allocations: 2012)



ActionView::SyntaxErrorInTemplate - Encountered a syntax error while rendering template: check <%= simple_form_for(@tweeet) do |f| %>
<%= f.error_notifications %>
<div class="field">
  <div class="control">
    <%= f.input : tweeet,label : "Tweet about it", input_html:{ class: "textare" },wrapper:false,label_html: {class: "label"},placeholder
    : "compose a new tweet..." %>
  </div>
</div>
<%= f.button :submit , class:"button is-info" %>
<%end %>:
  app/views/tweeets/_feed.html.erb:8
  app/views/tweeets/index.html.erb:5

Started POST "/__better_errors/d39e8c78034b434c/variables" for 127.0.0.1 at 2020-12-23 14:32:07 +0100
  [1m[36mTweeet Load (0.7ms)[0m  [1m[34mSELECT "tweeets".* FROM "tweeets" ORDER BY created_at DESC LIMIT ?[0m  [["LIMIT", 11]]
Started POST "/__better_errors/d39e8c78034b434c/variables" for 127.0.0.1 at 2020-12-23 14:32:21 +0100
  [1m[36mTweeet Load (0.3ms)[0m  [1m[34mSELECT "tweeets".* FROM "tweeets" ORDER BY created_at DESC LIMIT ?[0m  [["LIMIT", 11]]
Started GET "/tweeets" for 127.0.0.1 at 2020-12-23 14:32:41 +0100
Processing by TweeetsController#index as HTML
  Rendering tweeets/index.html.erb within layouts/application
  Rendered tweeets/_trends.html.erb (Duration: 0.2ms | Allocations: 87)
  Rendered tweeets/_feed.html.erb (Duration: 2.2ms | Allocations: 1725)
  Rendered tweeets/index.html.erb within layouts/application (Duration: 4.5ms | Allocations: 2342)
Completed 500 Internal Server Error in 8ms (ActiveRecord: 0.0ms | Allocations: 3530)



ActionView::MissingTemplate - Missing partial tweeet/_form with {:locale=>[:en], :formats=>[:html], :variants=>[], :handlers=>[:raw, :erb, :html, :builder, :ruby, :jbuilder]}. Searched in:
  * "/home/benjamin/Twitter/app/views"
  * "/home/benjamin/gems/gems/actiontext-6.0.3.4/app/views"
  * "/home/benjamin/gems/gems/actionmailbox-6.0.3.4/app/views":
  app/views/tweeets/_feed.html.erb:8
  app/views/tweeets/index.html.erb:5

Started POST "/__better_errors/629209fbbb624dfd/variables" for 127.0.0.1 at 2020-12-23 14:32:41 +0100
  [1m[36mTweeet Load (0.3ms)[0m  [1m[34mSELECT "tweeets".* FROM "tweeets" ORDER BY created_at DESC LIMIT ?[0m  [["LIMIT", 11]]
Started GET "/tweeets" for 127.0.0.1 at 2020-12-23 14:32:54 +0100
Processing by TweeetsController#index as HTML
  Rendering tweeets/index.html.erb within layouts/application
  Rendered tweeets/_trends.html.erb (Duration: 0.6ms | Allocations: 87)
  Rendered tweeets/_form.html.erb (Duration: 1.4ms | Allocations: 1377)
  Rendered tweeets/_feed.html.erb (Duration: 3.1ms | Allocations: 1876)
  Rendered tweeets/index.html.erb within layouts/application (Duration: 6.9ms | Allocations: 2484)
Completed 500 Internal Server Error in 11ms (ActiveRecord: 0.0ms | Allocations: 3670)



ActionView::SyntaxErrorInTemplate - Encountered a syntax error while rendering template: check <%= simple_form_for(@tweeet) do |f| %>
<%= f.error_notifications %>
<div class="field">
  <div class="control">
    <%= f.input : tweeet,label : "Tweet about it", input_html:{ class: "textare" },wrapper:false,label_html: {class: "label"},placeholder
    : "compose a new tweet..." %>
  </div>
</div>
<%= f.button :submit , class:"button is-info" %>
<%end %>:
  app/views/tweeets/_feed.html.erb:8
  app/views/tweeets/index.html.erb:5

Started POST "/__better_errors/3f4f7bf0242f5463/variables" for 127.0.0.1 at 2020-12-23 14:32:54 +0100
  [1m[36mTweeet Load (0.2ms)[0m  [1m[34mSELECT "tweeets".* FROM "tweeets" ORDER BY created_at DESC LIMIT ?[0m  [["LIMIT", 11]]
Started GET "/tweeets" for 127.0.0.1 at 2020-12-23 14:33:27 +0100
Processing by TweeetsController#index as HTML
  Rendering tweeets/index.html.erb within layouts/application
  Rendered tweeets/_trends.html.erb (Duration: 0.6ms | Allocations: 87)
  Rendered tweeets/_form.html.erb (Duration: 1.7ms | Allocations: 1377)
  Rendered tweeets/_feed.html.erb (Duration: 4.0ms | Allocations: 1878)
  Rendered tweeets/index.html.erb within layouts/application (Duration: 7.0ms | Allocations: 2493)
Completed 500 Internal Server Error in 11ms (ActiveRecord: 0.0ms | Allocations: 3681)



ActionView::SyntaxErrorInTemplate - Encountered a syntax error while rendering template: check <%= simple_form_for(@tweeet) do |f| %>
<%= f.error_notifications %>
<div class="field">
  <div class="control">
    <%= f.input : tweeet,label : "Tweet about it", input_html:{ class: "textare" },wrapper:false,label_html: {class: "label"},placeholder
    : "compose a new tweet..." %>
  </div>
</div>
<%= f.button :submit , class:"button is-info" %>
<%end %>:
  app/views/tweeets/_feed.html.erb:8
  app/views/tweeets/index.html.erb:5

Started POST "/__better_errors/c575b3b95db954bf/variables" for 127.0.0.1 at 2020-12-23 14:33:27 +0100
  [1m[36mTweeet Load (0.3ms)[0m  [1m[34mSELECT "tweeets".* FROM "tweeets" ORDER BY created_at DESC LIMIT ?[0m  [["LIMIT", 11]]
Started GET "/tweeets" for 127.0.0.1 at 2020-12-23 14:34:35 +0100
  [1m[35m (0.1ms)[0m  [1m[34mSELECT sqlite_version(*)[0m
Processing by TweeetsController#index as HTML
  Rendering tweeets/index.html.erb within layouts/application
  Rendered tweeets/_trends.html.erb (Duration: 0.0ms | Allocations: 6)
  Rendered tweeets/_form.html.erb (Duration: 1.2ms | Allocations: 1319)
  Rendered tweeets/_feed.html.erb (Duration: 1.6ms | Allocations: 1385)
  Rendered tweeets/index.html.erb within layouts/application (Duration: 2.1ms | Allocations: 1509)
Completed 500 Internal Server Error in 11ms (ActiveRecord: 0.8ms | Allocations: 4889)



ActionView::SyntaxErrorInTemplate - Encountered a syntax error while rendering template: check <%= simple_form_for(@tweeet) do |f| %>
<%= f.error_notifications %>
<div class="field">
  <div class="control">
    <%= f.input : tweeet,label : "Tweet about it", input_html:{ class: "textare" },wrapper:false,label_html: {class: "label"},placeholder
    : "compose a new tweet..." %>
  </div>
</div>
<%= f.button :submit , class:"button is-info" %>
<%end %>:
  app/views/tweeets/_feed.html.erb:8
  app/views/tweeets/index.html.erb:5

Started POST "/__better_errors/ced1d44f98cf7ca2/variables" for 127.0.0.1 at 2020-12-23 14:34:35 +0100
  [1m[36mTweeet Load (0.3ms)[0m  [1m[34mSELECT "tweeets".* FROM "tweeets" ORDER BY created_at DESC LIMIT ?[0m  [["LIMIT", 11]]
Started GET "/tweeets" for 127.0.0.1 at 2020-12-23 14:34:37 +0100
Processing by TweeetsController#index as HTML
  Rendering tweeets/index.html.erb within layouts/application
  Rendered tweeets/_trends.html.erb (Duration: 0.1ms | Allocations: 6)
  Rendered tweeets/_form.html.erb (Duration: 2.7ms | Allocations: 1367)
  Rendered tweeets/_feed.html.erb (Duration: 3.1ms | Allocations: 1433)
  Rendered tweeets/index.html.erb within layouts/application (Duration: 3.7ms | Allocations: 1557)
Completed 500 Internal Server Error in 7ms (ActiveRecord: 0.0ms | Allocations: 2024)



ActionView::SyntaxErrorInTemplate - Encountered a syntax error while rendering template: check <%= simple_form_for(@tweeet) do |f| %>
<%= f.error_notifications %>
<div class="field">
  <div class="control">
    <%= f.input : tweeet,label : "Tweet about it", input_html:{ class: "textare" },wrapper:false,label_html: {class: "label"},placeholder
    : "compose a new tweet..." %>
  </div>
</div>
<%= f.button :submit , class:"button is-info" %>
<%end %>:
  app/views/tweeets/_feed.html.erb:8
  app/views/tweeets/index.html.erb:5

Started POST "/__better_errors/4083eb246ca80808/variables" for 127.0.0.1 at 2020-12-23 14:34:37 +0100
  [1m[36mTweeet Load (0.2ms)[0m  [1m[34mSELECT "tweeets".* FROM "tweeets" ORDER BY created_at DESC LIMIT ?[0m  [["LIMIT", 11]]
Started GET "/tweeets" for 127.0.0.1 at 2020-12-23 14:35:09 +0100
Processing by TweeetsController#index as HTML
  Rendering tweeets/index.html.erb within layouts/application
  Rendered tweeets/_trends.html.erb (Duration: 0.3ms | Allocations: 87)
  Rendered tweeets/_form.html.erb (Duration: 4.5ms | Allocations: 1377)
  Rendered tweeets/_feed.html.erb (Duration: 7.0ms | Allocations: 1877)
  Rendered tweeets/index.html.erb within layouts/application (Duration: 11.7ms | Allocations: 2492)
Completed 500 Internal Server Error in 19ms (ActiveRecord: 0.0ms | Allocations: 3693)



ActionView::SyntaxErrorInTemplate - Encountered a syntax error while rendering template: check <%= simple_form_for(@tweeet) do |f| %>
<%= f.error_notification %>
<div class="field">
  <div class="control">
    <%= f.input : tweeet,label : "Tweet about it", input_html:{ class: "textare" },wrapper:false,label_html: {class: "label"},placeholder
    : "compose a new tweet..." %>
  </div>
</div>
<%= f.button :submit , class:"button is-info" %>
<%end %>:
  app/views/tweeets/_feed.html.erb:8
  app/views/tweeets/index.html.erb:5

Started POST "/__better_errors/a631a6e30f6565bd/variables" for 127.0.0.1 at 2020-12-23 14:35:09 +0100
  [1m[36mTweeet Load (0.2ms)[0m  [1m[34mSELECT "tweeets".* FROM "tweeets" ORDER BY created_at DESC LIMIT ?[0m  [["LIMIT", 11]]
Started GET "/tweeets" for 127.0.0.1 at 2020-12-23 14:35:10 +0100
Processing by TweeetsController#index as HTML
  Rendering tweeets/index.html.erb within layouts/application
  Rendered tweeets/_trends.html.erb (Duration: 0.1ms | Allocations: 6)
  Rendered tweeets/_form.html.erb (Duration: 1.5ms | Allocations: 1367)
  Rendered tweeets/_feed.html.erb (Duration: 2.3ms | Allocations: 1433)
  Rendered tweeets/index.html.erb within layouts/application (Duration: 3.7ms | Allocations: 1557)
Completed 500 Internal Server Error in 7ms (ActiveRecord: 0.0ms | Allocations: 2025)



ActionView::SyntaxErrorInTemplate - Encountered a syntax error while rendering template: check <%= simple_form_for(@tweeet) do |f| %>
<%= f.error_notification %>
<div class="field">
  <div class="control">
    <%= f.input : tweeet,label : "Tweet about it", input_html:{ class: "textare" },wrapper:false,label_html: {class: "label"},placeholder
    : "compose a new tweet..." %>
  </div>
</div>
<%= f.button :submit , class:"button is-info" %>
<%end %>:
  app/views/tweeets/_feed.html.erb:8
  app/views/tweeets/index.html.erb:5

Started POST "/__better_errors/e83b84c0721f84ce/variables" for 127.0.0.1 at 2020-12-23 14:35:10 +0100
  [1m[36mTweeet Load (0.6ms)[0m  [1m[34mSELECT "tweeets".* FROM "tweeets" ORDER BY created_at DESC LIMIT ?[0m  [["LIMIT", 11]]
Started GET "/tweeets" for 127.0.0.1 at 2020-12-23 14:35:32 +0100
Processing by TweeetsController#index as HTML
  Rendering tweeets/index.html.erb within layouts/application
  Rendered tweeets/_trends.html.erb (Duration: 0.1ms | Allocations: 6)
  Rendered tweeets/_form.html.erb (Duration: 1.4ms | Allocations: 1367)
  Rendered tweeets/_feed.html.erb (Duration: 2.1ms | Allocations: 1433)
  Rendered tweeets/index.html.erb within layouts/application (Duration: 3.8ms | Allocations: 1557)
Completed 500 Internal Server Error in 6ms (ActiveRecord: 0.0ms | Allocations: 2025)



ActionView::SyntaxErrorInTemplate - Encountered a syntax error while rendering template: check <%= simple_form_for(@tweeet) do |f| %>
<%= f.error_notification %>
<div class="field">
  <div class="control">
    <%= f.input : tweeet,label : "Tweet about it", input_html:{ class: "textare" },wrapper:false,label_html: {class: "label"},placeholder
    : "compose a new tweet..." %>
  </div>
</div>
<%= f.button :submit , class:"button is-info" %>
<%end %>:
  app/views/tweeets/_feed.html.erb:8
  app/views/tweeets/index.html.erb:5

Started POST "/__better_errors/e92a36dd45a62adc/variables" for 127.0.0.1 at 2020-12-23 14:35:32 +0100
  [1m[36mTweeet Load (0.3ms)[0m  [1m[34mSELECT "tweeets".* FROM "tweeets" ORDER BY created_at DESC LIMIT ?[0m  [["LIMIT", 11]]
Started GET "/" for 127.0.0.1 at 2020-12-23 14:36:04 +0100
Processing by TweeetsController#index as HTML
  Rendering tweeets/index.html.erb within layouts/application
  Rendered tweeets/_trends.html.erb (Duration: 0.4ms | Allocations: 87)
  Rendered tweeets/_form.html.erb (Duration: 7.1ms | Allocations: 1377)
  Rendered tweeets/_feed.html.erb (Duration: 9.9ms | Allocations: 1877)
  Rendered tweeets/index.html.erb within layouts/application (Duration: 13.9ms | Allocations: 2488)
Completed 500 Internal Server Error in 19ms (ActiveRecord: 0.0ms | Allocations: 3689)



ActionView::SyntaxErrorInTemplate - Encountered a syntax error while rendering template: check <%= simple_form_for(@tweeet) do |f| %>
<%= f.error_notification %>
<div class="field">
  <div class="control">
    <%= f.input :tweeet , label : "Tweet about it", input_html:{ class: "textare" },wrapper:false,label_html: {class: "label"},placeholder
    : "compose a new tweet..." %>
  </div>
</div>
<%= f.button :submit , class:"button is-info" %>
<%end %>:
  app/views/tweeets/_feed.html.erb:8
  app/views/tweeets/index.html.erb:5

Started POST "/__better_errors/69ac9759235bdc87/variables" for 127.0.0.1 at 2020-12-23 14:36:04 +0100
  [1m[36mTweeet Load (0.4ms)[0m  [1m[34mSELECT "tweeets".* FROM "tweeets" ORDER BY created_at DESC LIMIT ?[0m  [["LIMIT", 11]]
Started GET "/" for 127.0.0.1 at 2020-12-23 14:36:17 +0100
Processing by TweeetsController#index as HTML
  Rendering tweeets/index.html.erb within layouts/application
  Rendered tweeets/_trends.html.erb (Duration: 0.4ms | Allocations: 87)
  Rendered tweeets/_form.html.erb (Duration: 1.6ms | Allocations: 1377)
  Rendered tweeets/_feed.html.erb (Duration: 3.2ms | Allocations: 1877)
  Rendered tweeets/index.html.erb within layouts/application (Duration: 5.9ms | Allocations: 2492)
Completed 500 Internal Server Error in 10ms (ActiveRecord: 0.0ms | Allocations: 3693)



ActionView::SyntaxErrorInTemplate - Encountered a syntax error while rendering template: check <%= simple_form_for(@tweeet) do |f| %>
<%= f.error_notification %>
<div class="field">
  <div class="control">
    <%= f.input :tweeet , label: "Tweet about it", input_html:{ class: "textare" },wrapper:false,label_html: {class: "label"},placeholder
    : "compose a new tweet..." %>
  </div>
</div>
<%= f.button :submit , class:"button is-info" %>
<%end %>:
  app/views/tweeets/_feed.html.erb:8
  app/views/tweeets/index.html.erb:5

Started POST "/__better_errors/618ad0e6c6061db2/variables" for 127.0.0.1 at 2020-12-23 14:36:17 +0100
  [1m[36mTweeet Load (0.2ms)[0m  [1m[34mSELECT "tweeets".* FROM "tweeets" ORDER BY created_at DESC LIMIT ?[0m  [["LIMIT", 11]]
Started GET "/" for 127.0.0.1 at 2020-12-23 14:36:53 +0100
Processing by TweeetsController#index as HTML
  Rendering tweeets/index.html.erb within layouts/application
  Rendered tweeets/_trends.html.erb (Duration: 0.7ms | Allocations: 87)
  Rendered tweeets/_form.html.erb (Duration: 177.0ms | Allocations: 19187)
  Rendered tweeets/_feed.html.erb (Duration: 179.7ms | Allocations: 19687)
  Rendered tweeets/index.html.erb within layouts/application (Duration: 184.4ms | Allocations: 20301)
Completed 500 Internal Server Error in 195ms (ActiveRecord: 0.0ms | Allocations: 21501)



NoMethodError - undefined method `tweeet' for #<Tweeet id: nil, Tweeet: nil, created_at: nil, updated_at: nil>
Did you mean?  Tweeet
               Tweeet?
               Tweeet=:
  app/views/tweeets/_form.html.erb:5
  app/views/tweeets/_form.html.erb:1
  app/views/tweeets/_feed.html.erb:8
  app/views/tweeets/index.html.erb:5

Started POST "/__better_errors/8dc43a7191a2a3a3/variables" for 127.0.0.1 at 2020-12-23 14:36:53 +0100
  [1m[36mTweeet Load (0.3ms)[0m  [1m[34mSELECT "tweeets".* FROM "tweeets" ORDER BY created_at DESC LIMIT ?[0m  [["LIMIT", 11]]
Started GET "/" for 127.0.0.1 at 2020-12-23 14:37:32 +0100
Processing by TweeetsController#index as HTML
  Rendering tweeets/index.html.erb within layouts/application
  Rendered tweeets/_trends.html.erb (Duration: 0.4ms | Allocations: 87)
  Rendered tweeets/_form.html.erb (Duration: 5.7ms | Allocations: 3168)
  [1m[36mTweeet Load (0.3ms)[0m  [1m[34mSELECT "tweeets".* FROM "tweeets" ORDER BY created_at DESC[0m
  ↳ app/views/tweeets/_feed.html.erb:15
  Rendered tweeets/_feed.html.erb (Duration: 8.9ms | Allocations: 4440)
  Rendered tweeets/_who-to-follow.html.erb (Duration: 0.3ms | Allocations: 146)
  Rendered tweeets/index.html.erb within layouts/application (Duration: 12.0ms | Allocations: 5394)
[Webpacker] Everything's up-to-date. Nothing to do
Completed 200 OK in 28ms (Views: 24.9ms | ActiveRecord: 0.3ms | Allocations: 10754)


Started GET "/" for 127.0.0.1 at 2020-12-23 14:39:03 +0100
Processing by TweeetsController#index as HTML
  Rendering tweeets/index.html.erb within layouts/application
  Rendered tweeets/_trends.html.erb (Duration: 0.4ms | Allocations: 87)
  Rendered tweeets/_form.html.erb (Duration: 6.9ms | Allocations: 3107)
  [1m[36mTweeet Load (0.5ms)[0m  [1m[34mSELECT "tweeets".* FROM "tweeets" ORDER BY created_at DESC[0m
  ↳ app/views/tweeets/_feed.html.erb:15
  Rendered tweeets/_feed.html.erb (Duration: 11.6ms | Allocations: 4379)
  Rendered tweeets/_who-to-follow.html.erb (Duration: 0.3ms | Allocations: 144)
  Rendered tweeets/index.html.erb within layouts/application (Duration: 15.2ms | Allocations: 5326)
[Webpacker] Everything's up-to-date. Nothing to do
Completed 200 OK in 26ms (Views: 24.2ms | ActiveRecord: 0.5ms | Allocations: 10641)


Started GET "/" for 127.0.0.1 at 2020-12-23 14:39:27 +0100
Processing by TweeetsController#index as HTML
  Rendering tweeets/index.html.erb within layouts/application
  Rendered tweeets/_trends.html.erb (Duration: 0.5ms | Allocations: 88)
  Rendered tweeets/_form.html.erb (Duration: 9.7ms | Allocations: 3104)
  [1m[36mTweeet Load (0.5ms)[0m  [1m[34mSELECT "tweeets".* FROM "tweeets" ORDER BY created_at DESC[0m
  ↳ app/views/tweeets/_feed.html.erb:15
  Rendered tweeets/_feed.html.erb (Duration: 17.6ms | Allocations: 4382)
  Rendered tweeets/_who-to-follow.html.erb (Duration: 0.6ms | Allocations: 144)
  Rendered tweeets/index.html.erb within layouts/application (Duration: 23.8ms | Allocations: 5324)
[Webpacker] Everything's up-to-date. Nothing to do
Completed 200 OK in 42ms (Views: 40.1ms | ActiveRecord: 0.5ms | Allocations: 10623)


